<?xml version="1.0" encoding="UTF-8"?>
<coverage generated="1558625269934" clover="3.2.0">
  <project timestamp="1558625269934" name="All files">
    <metrics statements="69" coveredstatements="34" conditionals="14" coveredconditionals="6" methods="7" coveredmethods="0" elements="90" coveredelements="40" complexity="0" loc="69" ncloc="69" packages="4" files="8" classes="8">
      <package name="inputs">
        <metrics statements="28" coveredstatements="14" conditionals="6" coveredconditionals="1" methods="2" coveredmethods="0"/>
        <file name="Checkbox.vue" path="/Users/mstrlaw/Documents/Work/Unbabel/frontend-challenge/unbabel-app/src/components/inputs/Checkbox.vue">
          <metrics statements="5" coveredstatements="5" conditionals="0" coveredconditionals="0" methods="0" coveredmethods="0"/>
          <line num="26" count="8" type="stmt"/>
          <line num="43" count="8" type="stmt"/>
          <line num="47" count="2" type="stmt"/>
          <line num="52" count="2" type="stmt"/>
          <line num="53" count="2" type="stmt"/>
        </file>
        <file name="TextInput.vue" path="/Users/mstrlaw/Documents/Work/Unbabel/frontend-challenge/unbabel-app/src/components/inputs/TextInput.vue">
          <metrics statements="23" coveredstatements="9" conditionals="6" coveredconditionals="1" methods="2" coveredmethods="0"/>
          <line num="31" count="4" type="stmt"/>
          <line num="34" count="4" type="stmt"/>
          <line num="53" count="21" type="stmt"/>
          <line num="62" count="21" type="stmt"/>
          <line num="63" count="21" type="stmt"/>
          <line num="67" count="0" type="stmt"/>
          <line num="72" count="0" type="stmt"/>
          <line num="73" count="0" type="stmt"/>
          <line num="74" count="0" type="stmt"/>
          <line num="75" count="0" type="stmt"/>
          <line num="79" count="0" type="stmt"/>
          <line num="84" count="1" type="cond" truecount="1" falsecount="1"/>
          <line num="85" count="1" type="stmt"/>
          <line num="86" count="1" type="stmt"/>
          <line num="90" count="1" type="stmt"/>
          <line num="91" count="0" type="stmt"/>
          <line num="93" count="0" type="cond" truecount="0" falsecount="2"/>
          <line num="94" count="0" type="stmt"/>
          <line num="97" count="0" type="cond" truecount="0" falsecount="2"/>
          <line num="98" count="0" type="stmt"/>
          <line num="99" count="0" type="stmt"/>
          <line num="102" count="0" type="stmt"/>
          <line num="107" count="0" type="stmt"/>
        </file>
      </package>
      <package name="list">
        <metrics statements="25" coveredstatements="17" conditionals="4" coveredconditionals="3" methods="0" coveredmethods="0"/>
        <file name="List.vue" path="/Users/mstrlaw/Documents/Work/Unbabel/frontend-challenge/unbabel-app/src/components/list/List.vue">
          <metrics statements="6" coveredstatements="4" conditionals="0" coveredconditionals="0" methods="0" coveredmethods="0"/>
          <line num="34" count="1" type="stmt"/>
          <line num="35" count="1" type="stmt"/>
          <line num="36" count="1" type="stmt"/>
          <line num="45" count="1" type="stmt"/>
          <line num="56" count="0" type="stmt"/>
          <line num="59" count="0" type="stmt"/>
        </file>
        <file name="ListItem.vue" path="/Users/mstrlaw/Documents/Work/Unbabel/frontend-challenge/unbabel-app/src/components/list/ListItem.vue">
          <metrics statements="9" coveredstatements="5" conditionals="0" coveredconditionals="0" methods="0" coveredmethods="0"/>
          <line num="54" count="2" type="stmt"/>
          <line num="55" count="2" type="stmt"/>
          <line num="56" count="2" type="stmt"/>
          <line num="87" count="6" type="stmt"/>
          <line num="93" count="1" type="stmt"/>
          <line num="96" count="0" type="stmt"/>
          <line num="103" count="0" type="stmt"/>
          <line num="110" count="0" type="stmt"/>
          <line num="117" count="0" type="stmt"/>
        </file>
        <file name="NewItem.vue" path="/Users/mstrlaw/Documents/Work/Unbabel/frontend-challenge/unbabel-app/src/components/list/NewItem.vue">
          <metrics statements="10" coveredstatements="8" conditionals="4" coveredconditionals="3" methods="0" coveredmethods="0"/>
          <line num="33" count="2" type="stmt"/>
          <line num="41" count="3" type="stmt"/>
          <line num="48" count="0" type="stmt"/>
          <line num="51" count="0" type="stmt"/>
          <line num="54" count="1" type="cond" truecount="3" falsecount="1"/>
          <line num="55" count="1" type="stmt"/>
          <line num="59" count="1" type="stmt"/>
          <line num="63" count="2" type="stmt"/>
          <line num="64" count="2" type="stmt"/>
          <line num="65" count="2" type="stmt"/>
        </file>
      </package>
      <package name="navigation">
        <metrics statements="15" coveredstatements="2" conditionals="2" coveredconditionals="0" methods="5" coveredmethods="0"/>
        <file name="Menu.vue" path="/Users/mstrlaw/Documents/Work/Unbabel/frontend-challenge/unbabel-app/src/components/navigation/Menu.vue">
          <metrics statements="14" coveredstatements="1" conditionals="2" coveredconditionals="0" methods="5" coveredmethods="0"/>
          <line num="33" count="1" type="stmt"/>
          <line num="41" count="0" type="stmt"/>
          <line num="43" count="0" type="stmt"/>
          <line num="44" count="0" type="stmt"/>
          <line num="47" count="0" type="stmt"/>
          <line num="48" count="0" type="stmt"/>
          <line num="52" count="0" type="stmt"/>
          <line num="55" count="0" type="stmt"/>
          <line num="56" count="0" type="stmt"/>
          <line num="58" count="0" type="stmt"/>
          <line num="61" count="0" type="stmt"/>
          <line num="65" count="0" type="stmt"/>
          <line num="68" count="0" type="stmt"/>
          <line num="71" count="0" type="stmt"/>
        </file>
        <file name="MenuAction.vue" path="/Users/mstrlaw/Documents/Work/Unbabel/frontend-challenge/unbabel-app/src/components/navigation/MenuAction.vue">
          <metrics statements="1" coveredstatements="1" conditionals="0" coveredconditionals="0" methods="0" coveredmethods="0"/>
          <line num="37" count="1" type="stmt"/>
        </file>
      </package>
      <package name="svg">
        <metrics statements="1" coveredstatements="1" conditionals="2" coveredconditionals="2" methods="0" coveredmethods="0"/>
        <file name="PersonIcon.vue" path="/Users/mstrlaw/Documents/Work/Unbabel/frontend-challenge/unbabel-app/src/components/svg/PersonIcon.vue">
          <metrics statements="1" coveredstatements="1" conditionals="2" coveredconditionals="2" methods="0" coveredmethods="0"/>
          <line num="47" count="7" type="cond" truecount="2" falsecount="0"/>
        </file>
      </package>
    </metrics>
  </project>
</coverage>
