{"/Users/mstrlaw/Documents/Work/Unbabel/frontend-challenge/unbabel-app/src/components/inputs/Checkbox.vue": {"path":"/Users/mstrlaw/Documents/Work/Unbabel/frontend-challenge/unbabel-app/src/components/inputs/Checkbox.vue","statementMap":{"0":{"start":{"line":26,"column":0},"end":{"line":null,"column":-1}},"1":{"start":{"line":43,"column":0},"end":{"line":null,"column":-1}},"2":{"start":{"line":47,"column":0},"end":{"line":null,"column":-1}},"3":{"start":{"line":52,"column":0},"end":{"line":null,"column":-1}},"4":{"start":{"line":53,"column":0},"end":{"line":null,"column":-1}}},"fnMap":{},"branchMap":{},"s":{"0":8,"1":8,"2":2,"3":2,"4":2},"f":{},"b":{}}
,"/Users/mstrlaw/Documents/Work/Unbabel/frontend-challenge/unbabel-app/src/components/inputs/TextInput.vue": {"path":"/Users/mstrlaw/Documents/Work/Unbabel/frontend-challenge/unbabel-app/src/components/inputs/TextInput.vue","statementMap":{"0":{"start":{"line":31,"column":0},"end":{"line":null,"column":-1}},"1":{"start":{"line":34,"column":0},"end":{"line":null,"column":-1}},"2":{"start":{"line":53,"column":0},"end":{"line":null,"column":-1}},"3":{"start":{"line":62,"column":0},"end":{"line":null,"column":-1}},"4":{"start":{"line":63,"column":0},"end":{"line":null,"column":-1}},"5":{"start":{"line":67,"column":0},"end":{"line":null,"column":-1}},"6":{"start":{"line":72,"column":0},"end":{"line":null,"column":-1}},"7":{"start":{"line":73,"column":0},"end":{"line":76,"column":0}},"8":{"start":{"line":74,"column":0},"end":{"line":null,"column":-1}},"9":{"start":{"line":75,"column":0},"end":{"line":null,"column":-1}},"10":{"start":{"line":79,"column":0},"end":{"line":null,"column":-1}},"11":{"start":{"line":84,"column":0},"end":{"line":87,"column":0}},"12":{"start":{"line":85,"column":0},"end":{"line":null,"column":-1}},"13":{"start":{"line":86,"column":0},"end":{"line":null,"column":-1}},"14":{"start":{"line":90,"column":0},"end":{"line":104,"column":0}},"15":{"start":{"line":91,"column":0},"end":{"line":null,"column":-1}},"16":{"start":{"line":93,"column":0},"end":{"line":95,"column":0}},"17":{"start":{"line":94,"column":0},"end":{"line":null,"column":-1}},"18":{"start":{"line":97,"column":0},"end":{"line":100,"column":0}},"19":{"start":{"line":98,"column":0},"end":{"line":null,"column":-1}},"20":{"start":{"line":99,"column":0},"end":{"line":null,"column":-1}},"21":{"start":{"line":102,"column":0},"end":{"line":null,"column":-1}},"22":{"start":{"line":107,"column":0},"end":{"line":null,"column":-1}}},"fnMap":{"0":{"name":"(anonymous_1)","decl":{"start":{"line":73,"column":0},"end":{"line":null,"column":-1}},"loc":{"start":{"line":73,"column":0},"end":{"line":76,"column":0}}},"1":{"name":"(anonymous_2)","decl":{"start":{"line":90,"column":0},"end":{"line":null,"column":-1}},"loc":{"start":{"line":90,"column":0},"end":{"line":104,"column":0}}}},"branchMap":{"0":{"loc":{"start":{"line":84,"column":0},"end":{"line":87,"column":0}},"type":"if","locations":[{"start":{"line":84,"column":0},"end":{"line":87,"column":0}},{"start":{"line":84,"column":0},"end":{"line":87,"column":0}}]},"1":{"loc":{"start":{"line":93,"column":0},"end":{"line":95,"column":0}},"type":"if","locations":[{"start":{"line":93,"column":0},"end":{"line":95,"column":0}},{"start":{"line":93,"column":0},"end":{"line":95,"column":0}}]},"2":{"loc":{"start":{"line":97,"column":0},"end":{"line":100,"column":0}},"type":"if","locations":[{"start":{"line":97,"column":0},"end":{"line":100,"column":0}},{"start":{"line":97,"column":0},"end":{"line":100,"column":0}}]}},"s":{"0":4,"1":4,"2":21,"3":21,"4":21,"5":0,"6":0,"7":0,"8":0,"9":0,"10":0,"11":1,"12":1,"13":1,"14":1,"15":0,"16":0,"17":0,"18":0,"19":0,"20":0,"21":0,"22":0},"f":{"0":0,"1":0},"b":{"0":[1,0],"1":[0,0],"2":[0,0]}}
,"/Users/mstrlaw/Documents/Work/Unbabel/frontend-challenge/unbabel-app/src/components/list/List.vue": {"path":"/Users/mstrlaw/Documents/Work/Unbabel/frontend-challenge/unbabel-app/src/components/list/List.vue","statementMap":{"0":{"start":{"line":34,"column":0},"end":{"line":null,"column":-1}},"1":{"start":{"line":35,"column":0},"end":{"line":null,"column":-1}},"2":{"start":{"line":36,"column":0},"end":{"line":null,"column":-1}},"3":{"start":{"line":45,"column":0},"end":{"line":null,"column":-1}},"4":{"start":{"line":56,"column":0},"end":{"line":null,"column":-1}},"5":{"start":{"line":59,"column":0},"end":{"line":null,"column":-1}}},"fnMap":{},"branchMap":{},"s":{"0":1,"1":1,"2":1,"3":1,"4":0,"5":0},"f":{},"b":{}}
,"/Users/mstrlaw/Documents/Work/Unbabel/frontend-challenge/unbabel-app/src/components/list/ListItem.vue": {"path":"/Users/mstrlaw/Documents/Work/Unbabel/frontend-challenge/unbabel-app/src/components/list/ListItem.vue","statementMap":{"0":{"start":{"line":54,"column":0},"end":{"line":null,"column":-1}},"1":{"start":{"line":55,"column":0},"end":{"line":null,"column":-1}},"2":{"start":{"line":56,"column":0},"end":{"line":null,"column":-1}},"3":{"start":{"line":87,"column":0},"end":{"line":null,"column":-1}},"4":{"start":{"line":93,"column":0},"end":{"line":null,"column":-1}},"5":{"start":{"line":96,"column":0},"end":{"line":null,"column":-1}},"6":{"start":{"line":103,"column":0},"end":{"line":null,"column":-1}},"7":{"start":{"line":110,"column":0},"end":{"line":null,"column":-1}},"8":{"start":{"line":117,"column":0},"end":{"line":null,"column":-1}}},"fnMap":{},"branchMap":{},"s":{"0":2,"1":2,"2":2,"3":6,"4":1,"5":0,"6":0,"7":0,"8":0},"f":{},"b":{}}
,"/Users/mstrlaw/Documents/Work/Unbabel/frontend-challenge/unbabel-app/src/components/list/NewItem.vue": {"path":"/Users/mstrlaw/Documents/Work/Unbabel/frontend-challenge/unbabel-app/src/components/list/NewItem.vue","statementMap":{"0":{"start":{"line":33,"column":0},"end":{"line":null,"column":-1}},"1":{"start":{"line":41,"column":0},"end":{"line":null,"column":-1}},"2":{"start":{"line":48,"column":0},"end":{"line":null,"column":-1}},"3":{"start":{"line":51,"column":0},"end":{"line":null,"column":-1}},"4":{"start":{"line":54,"column":0},"end":{"line":60,"column":0}},"5":{"start":{"line":55,"column":0},"end":{"line":null,"column":-1}},"6":{"start":{"line":59,"column":0},"end":{"line":null,"column":-1}},"7":{"start":{"line":63,"column":0},"end":{"line":null,"column":-1}},"8":{"start":{"line":64,"column":0},"end":{"line":null,"column":-1}},"9":{"start":{"line":65,"column":0},"end":{"line":null,"column":-1}}},"fnMap":{},"branchMap":{"0":{"loc":{"start":{"line":54,"column":0},"end":{"line":60,"column":0}},"type":"if","locations":[{"start":{"line":54,"column":0},"end":{"line":60,"column":0}},{"start":{"line":54,"column":0},"end":{"line":60,"column":0}}]},"1":{"loc":{"start":{"line":54,"column":0},"end":{"line":null,"column":-1}},"type":"binary-expr","locations":[{"start":{"line":54,"column":0},"end":{"line":null,"column":-1}},{"start":{"line":54,"column":0},"end":{"line":null,"column":-1}}]}},"s":{"0":2,"1":3,"2":0,"3":0,"4":1,"5":1,"6":1,"7":2,"8":2,"9":2},"f":{},"b":{"0":[1,0],"1":[1,1]}}
,"/Users/mstrlaw/Documents/Work/Unbabel/frontend-challenge/unbabel-app/src/components/navigation/Menu.vue": {"path":"/Users/mstrlaw/Documents/Work/Unbabel/frontend-challenge/unbabel-app/src/components/navigation/Menu.vue","statementMap":{"0":{"start":{"line":33,"column":0},"end":{"line":null,"column":-1}},"1":{"start":{"line":41,"column":0},"end":{"line":null,"column":-1}},"2":{"start":{"line":43,"column":0},"end":{"line":null,"column":-1}},"3":{"start":{"line":44,"column":0},"end":{"line":null,"column":-1}},"4":{"start":{"line":47,"column":0},"end":{"line":null,"column":-1}},"5":{"start":{"line":48,"column":0},"end":{"line":null,"column":-1}},"6":{"start":{"line":52,"column":0},"end":{"line":62,"column":0}},"7":{"start":{"line":55,"column":0},"end":{"line":57,"column":0}},"8":{"start":{"line":56,"column":0},"end":{"line":null,"column":-1}},"9":{"start":{"line":58,"column":0},"end":{"line":null,"column":-1}},"10":{"start":{"line":61,"column":0},"end":{"line":null,"column":-1}},"11":{"start":{"line":65,"column":0},"end":{"line":72,"column":0}},"12":{"start":{"line":68,"column":0},"end":{"line":null,"column":-1}},"13":{"start":{"line":71,"column":0},"end":{"line":null,"column":-1}}},"fnMap":{"0":{"name":"(anonymous_1)","decl":{"start":{"line":52,"column":0},"end":{"line":null,"column":-1}},"loc":{"start":{"line":52,"column":0},"end":{"line":59,"column":0}}},"1":{"name":"(anonymous_2)","decl":{"start":{"line":55,"column":0},"end":{"line":null,"column":-1}},"loc":{"start":{"line":55,"column":0},"end":{"line":57,"column":0}}},"2":{"name":"(anonymous_3)","decl":{"start":{"line":59,"column":0},"end":{"line":null,"column":-1}},"loc":{"start":{"line":59,"column":0},"end":{"line":62,"column":0}}},"3":{"name":"(anonymous_4)","decl":{"start":{"line":65,"column":0},"end":{"line":null,"column":-1}},"loc":{"start":{"line":65,"column":0},"end":{"line":69,"column":0}}},"4":{"name":"(anonymous_5)","decl":{"start":{"line":69,"column":0},"end":{"line":null,"column":-1}},"loc":{"start":{"line":69,"column":0},"end":{"line":72,"column":0}}}},"branchMap":{"0":{"loc":{"start":{"line":42,"column":0},"end":{"line":44,"column":0}},"type":"switch","locations":[{"start":{"line":42,"column":0},"end":{"line":44,"column":0}},{"start":{"line":46,"column":0},"end":{"line":48,"column":0}}]}},"s":{"0":1,"1":0,"2":0,"3":0,"4":0,"5":0,"6":0,"7":0,"8":0,"9":0,"10":0,"11":0,"12":0,"13":0},"f":{"0":0,"1":0,"2":0,"3":0,"4":0},"b":{"0":[0,0]}}
,"/Users/mstrlaw/Documents/Work/Unbabel/frontend-challenge/unbabel-app/src/components/navigation/MenuAction.vue": {"path":"/Users/mstrlaw/Documents/Work/Unbabel/frontend-challenge/unbabel-app/src/components/navigation/MenuAction.vue","statementMap":{"0":{"start":{"line":37,"column":0},"end":{"line":null,"column":-1}}},"fnMap":{},"branchMap":{},"s":{"0":1},"f":{},"b":{}}
,"/Users/mstrlaw/Documents/Work/Unbabel/frontend-challenge/unbabel-app/src/components/svg/PersonIcon.vue": {"path":"/Users/mstrlaw/Documents/Work/Unbabel/frontend-challenge/unbabel-app/src/components/svg/PersonIcon.vue","statementMap":{"0":{"start":{"line":47,"column":0},"end":{"line":null,"column":-1}}},"fnMap":{},"branchMap":{"0":{"loc":{"start":{"line":47,"column":0},"end":{"line":null,"column":-1}},"type":"cond-expr","locations":[{"start":{"line":47,"column":0},"end":{"line":null,"column":-1}},{"start":{"line":47,"column":0},"end":{"line":null,"column":-1}}]}},"s":{"0":7},"f":{},"b":{"0":[1,6]}}
}
