TN:
SF:/Users/mstrlaw/Documents/Work/Unbabel/frontend-challenge/unbabel-app/src/components/inputs/Checkbox.vue
FNF:0
FNH:0
DA:26,8
DA:43,8
DA:47,2
DA:52,2
DA:53,2
LF:5
LH:5
BRF:0
BRH:0
end_of_record
TN:
SF:/Users/mstrlaw/Documents/Work/Unbabel/frontend-challenge/unbabel-app/src/components/inputs/TextInput.vue
FN:73,(anonymous_1)
FN:90,(anonymous_2)
FNF:2
FNH:0
FNDA:0,(anonymous_1)
FNDA:0,(anonymous_2)
DA:31,4
DA:34,4
DA:53,21
DA:62,21
DA:63,21
DA:67,0
DA:72,0
DA:73,0
DA:74,0
DA:75,0
DA:79,0
DA:84,1
DA:85,1
DA:86,1
DA:90,1
DA:91,0
DA:93,0
DA:94,0
DA:97,0
DA:98,0
DA:99,0
DA:102,0
DA:107,0
LF:23
LH:9
BRDA:84,0,0,1
BRDA:84,0,1,0
BRDA:93,1,0,0
BRDA:93,1,1,0
BRDA:97,2,0,0
BRDA:97,2,1,0
BRF:6
BRH:1
end_of_record
TN:
SF:/Users/mstrlaw/Documents/Work/Unbabel/frontend-challenge/unbabel-app/src/components/list/List.vue
FNF:0
FNH:0
DA:34,1
DA:35,1
DA:36,1
DA:45,1
DA:56,0
DA:59,0
LF:6
LH:4
BRF:0
BRH:0
end_of_record
TN:
SF:/Users/mstrlaw/Documents/Work/Unbabel/frontend-challenge/unbabel-app/src/components/list/ListItem.vue
FNF:0
FNH:0
DA:54,2
DA:55,2
DA:56,2
DA:87,6
DA:93,1
DA:96,0
DA:103,0
DA:110,0
DA:117,0
LF:9
LH:5
BRF:0
BRH:0
end_of_record
TN:
SF:/Users/mstrlaw/Documents/Work/Unbabel/frontend-challenge/unbabel-app/src/components/list/NewItem.vue
FNF:0
FNH:0
DA:33,2
DA:41,3
DA:48,0
DA:51,0
DA:54,1
DA:55,1
DA:59,1
DA:63,2
DA:64,2
DA:65,2
LF:10
LH:8
BRDA:54,0,0,1
BRDA:54,0,1,0
BRDA:54,1,0,1
BRDA:54,1,1,1
BRF:4
BRH:3
end_of_record
TN:
SF:/Users/mstrlaw/Documents/Work/Unbabel/frontend-challenge/unbabel-app/src/components/navigation/Menu.vue
FN:52,(anonymous_1)
FN:55,(anonymous_2)
FN:59,(anonymous_3)
FN:65,(anonymous_4)
FN:69,(anonymous_5)
FNF:5
FNH:0
FNDA:0,(anonymous_1)
FNDA:0,(anonymous_2)
FNDA:0,(anonymous_3)
FNDA:0,(anonymous_4)
FNDA:0,(anonymous_5)
DA:33,1
DA:41,0
DA:43,0
DA:44,0
DA:47,0
DA:48,0
DA:52,0
DA:55,0
DA:56,0
DA:58,0
DA:61,0
DA:65,0
DA:68,0
DA:71,0
LF:14
LH:1
BRDA:42,0,0,0
BRDA:42,0,1,0
BRF:2
BRH:0
end_of_record
TN:
SF:/Users/mstrlaw/Documents/Work/Unbabel/frontend-challenge/unbabel-app/src/components/navigation/MenuAction.vue
FNF:0
FNH:0
DA:37,1
LF:1
LH:1
BRF:0
BRH:0
end_of_record
TN:
SF:/Users/mstrlaw/Documents/Work/Unbabel/frontend-challenge/unbabel-app/src/components/svg/PersonIcon.vue
FNF:0
FNH:0
DA:47,7
LF:1
LH:1
BRDA:47,0,0,1
BRDA:47,0,1,6
BRF:2
BRH:2
end_of_record
