<?xml version="1.0" encoding="UTF-8"?>
<coverage generated="1679066347674" clover="3.2.0">
  <project timestamp="1679066347674" name="All files">
    <metrics statements="48" coveredstatements="29" conditionals="4" coveredconditionals="1" methods="18" coveredmethods="14" elements="70" coveredelements="44" complexity="0" loc="48" ncloc="48" packages="4" files="10" classes="10"/>
    <package name="api">
      <metrics statements="12" coveredstatements="1" conditionals="0" coveredconditionals="0" methods="2" coveredmethods="0"/>
      <file name="mocky.js" path="/Users/ismael/Documents/personal/frontend-challenge/unbabel-test/src/api/mocky.js">
        <metrics statements="12" coveredstatements="1" conditionals="0" coveredconditionals="0" methods="2" coveredmethods="0"/>
        <line num="1" count="4" type="stmt"/>
        <line num="4" count="0" type="stmt"/>
        <line num="5" count="0" type="stmt"/>
        <line num="6" count="0" type="stmt"/>
        <line num="7" count="0" type="stmt"/>
        <line num="9" count="0" type="stmt"/>
        <line num="12" count="0" type="stmt"/>
        <line num="17" count="0" type="stmt"/>
        <line num="18" count="0" type="stmt"/>
        <line num="22" count="0" type="stmt"/>
        <line num="24" count="0" type="stmt"/>
        <line num="27" count="0" type="stmt"/>
      </file>
    </package>
    <package name="assets">
      <metrics statements="3" coveredstatements="3" conditionals="0" coveredconditionals="0" methods="0" coveredmethods="0"/>
      <file name="delete.svg" path="/Users/ismael/Documents/personal/frontend-challenge/unbabel-test/src/assets/delete.svg">
        <metrics statements="1" coveredstatements="1" conditionals="0" coveredconditionals="0" methods="0" coveredmethods="0"/>
        <line num="1" count="2" type="stmt"/>
      </file>
      <file name="fetch-document.svg" path="/Users/ismael/Documents/personal/frontend-challenge/unbabel-test/src/assets/fetch-document.svg">
        <metrics statements="1" coveredstatements="1" conditionals="0" coveredconditionals="0" methods="0" coveredmethods="0"/>
        <line num="1" count="1" type="stmt"/>
      </file>
      <file name="upload.svg" path="/Users/ismael/Documents/personal/frontend-challenge/unbabel-test/src/assets/upload.svg">
        <metrics statements="1" coveredstatements="1" conditionals="0" coveredconditionals="0" methods="0" coveredmethods="0"/>
        <line num="1" count="1" type="stmt"/>
      </file>
    </package>
    <package name="components">
      <metrics statements="6" coveredstatements="6" conditionals="0" coveredconditionals="0" methods="5" coveredmethods="5"/>
      <file name="AddCardData.vue" path="/Users/ismael/Documents/personal/frontend-challenge/unbabel-test/src/components/AddCardData.vue">
        <metrics statements="1" coveredstatements="1" conditionals="0" coveredconditionals="0" methods="1" coveredmethods="1"/>
        <line num="1" count="9" type="stmt"/>
      </file>
      <file name="CardData.vue" path="/Users/ismael/Documents/personal/frontend-challenge/unbabel-test/src/components/CardData.vue">
        <metrics statements="1" coveredstatements="1" conditionals="0" coveredconditionals="0" methods="1" coveredmethods="1"/>
        <line num="1" count="12" type="stmt"/>
      </file>
      <file name="CustomButton.vue" path="/Users/ismael/Documents/personal/frontend-challenge/unbabel-test/src/components/CustomButton.vue">
        <metrics statements="2" coveredstatements="2" conditionals="0" coveredconditionals="0" methods="1" coveredmethods="1"/>
        <line num="1" count="31" type="stmt"/>
        <line num="6" count="3" type="stmt"/>
      </file>
      <file name="CustomCheckbox.vue" path="/Users/ismael/Documents/personal/frontend-challenge/unbabel-test/src/components/CustomCheckbox.vue">
        <metrics statements="1" coveredstatements="1" conditionals="0" coveredconditionals="0" methods="1" coveredmethods="1"/>
        <line num="1" count="12" type="stmt"/>
      </file>
      <file name="NavigationHeader.vue" path="/Users/ismael/Documents/personal/frontend-challenge/unbabel-test/src/components/NavigationHeader.vue">
        <metrics statements="1" coveredstatements="1" conditionals="0" coveredconditionals="0" methods="1" coveredmethods="1"/>
        <line num="1" count="6" type="stmt"/>
      </file>
    </package>
    <package name="store">
      <metrics statements="27" coveredstatements="19" conditionals="4" coveredconditionals="1" methods="11" coveredmethods="9"/>
      <file name="index.js" path="/Users/ismael/Documents/personal/frontend-challenge/unbabel-test/src/store/index.js">
        <metrics statements="27" coveredstatements="19" conditionals="4" coveredconditionals="1" methods="11" coveredmethods="9"/>
        <line num="5" count="4" type="stmt"/>
        <line num="8" count="4" type="stmt"/>
        <line num="13" count="4" type="stmt"/>
        <line num="15" count="1" type="stmt"/>
        <line num="18" count="2" type="cond" truecount="1" falsecount="1"/>
        <line num="19" count="2" type="stmt"/>
        <line num="25" count="0" type="stmt"/>
        <line num="26" count="0" type="stmt"/>
        <line num="34" count="2" type="stmt"/>
        <line num="35" count="2" type="stmt"/>
        <line num="38" count="1" type="stmt"/>
        <line num="39" count="1" type="stmt"/>
        <line num="40" count="1" type="stmt"/>
        <line num="41" count="1" type="stmt"/>
        <line num="43" count="1" type="stmt"/>
        <line num="46" count="1" type="stmt"/>
        <line num="47" count="1" type="stmt"/>
        <line num="48" count="1" type="stmt"/>
        <line num="49" count="1" type="stmt"/>
        <line num="51" count="1" type="stmt"/>
        <line num="55" count="4" type="stmt"/>
        <line num="57" count="0" type="stmt"/>
        <line num="58" count="0" type="stmt"/>
        <line num="61" count="0" type="stmt"/>
        <line num="62" count="0" type="cond" truecount="0" falsecount="2"/>
        <line num="63" count="0" type="stmt"/>
        <line num="65" count="0" type="stmt"/>
      </file>
    </package>
  </project>
</coverage>
