{"/Users/ismael/Documents/personal/frontend-challenge/unbabel-test/src/api/mocky.js": {"path":"/Users/ismael/Documents/personal/frontend-challenge/unbabel-test/src/api/mocky.js","statementMap":{"0":{"start":{"line":1,"column":12},"end":{"line":1,"column":61}},"1":{"start":{"line":4,"column":2},"end":{"line":13,"column":3}},"2":{"start":{"line":5,"column":16},"end":{"line":5,"column":32}},"3":{"start":{"line":6,"column":17},"end":{"line":6,"column":33}},"4":{"start":{"line":7,"column":4},"end":{"line":7,"column":16}},"5":{"start":{"line":9,"column":4},"end":{"line":11,"column":6}},"6":{"start":{"line":12,"column":4},"end":{"line":12,"column":14}},"7":{"start":{"line":17,"column":2},"end":{"line":28,"column":3}},"8":{"start":{"line":18,"column":16},"end":{"line":21,"column":6}},"9":{"start":{"line":22,"column":4},"end":{"line":22,"column":22}},"10":{"start":{"line":24,"column":4},"end":{"line":26,"column":6}},"11":{"start":{"line":27,"column":4},"end":{"line":27,"column":24}}},"fnMap":{"0":{"name":"getMessages","decl":{"start":{"line":3,"column":22},"end":{"line":3,"column":33}},"loc":{"start":{"line":3,"column":36},"end":{"line":14,"column":1}},"line":3},"1":{"name":"uploadMessages","decl":{"start":{"line":16,"column":22},"end":{"line":16,"column":36}},"loc":{"start":{"line":16,"column":47},"end":{"line":29,"column":1}},"line":16}},"branchMap":{},"s":{"0":4,"1":0,"2":0,"3":0,"4":0,"5":0,"6":0,"7":0,"8":0,"9":0,"10":0,"11":0},"f":{"0":0,"1":0},"b":{},"_coverageSchema":"1a1c01bbd47fc00a2c39e90264f33305004495a9","hash":"48e2652778bc12cc50ac70d55b6014a24accb0e3"}
,"/Users/ismael/Documents/personal/frontend-challenge/unbabel-test/src/assets/delete.svg": {"path":"/Users/ismael/Documents/personal/frontend-challenge/unbabel-test/src/assets/delete.svg","statementMap":{"0":{"start":{"line":1,"column":0},"end":{"line":1,"column":19}}},"fnMap":{},"branchMap":{},"s":{"0":2},"f":{},"b":{},"_coverageSchema":"1a1c01bbd47fc00a2c39e90264f33305004495a9","hash":"b892b32a445ec3007185a9540626348178488312"}
,"/Users/ismael/Documents/personal/frontend-challenge/unbabel-test/src/assets/fetch-document.svg": {"path":"/Users/ismael/Documents/personal/frontend-challenge/unbabel-test/src/assets/fetch-document.svg","statementMap":{"0":{"start":{"line":1,"column":0},"end":{"line":1,"column":19}}},"fnMap":{},"branchMap":{},"s":{"0":1},"f":{},"b":{},"_coverageSchema":"1a1c01bbd47fc00a2c39e90264f33305004495a9","hash":"ccd2c08ae39700b858b707be2e82b8793b62b639"}
,"/Users/ismael/Documents/personal/frontend-challenge/unbabel-test/src/assets/upload.svg": {"path":"/Users/ismael/Documents/personal/frontend-challenge/unbabel-test/src/assets/upload.svg","statementMap":{"0":{"start":{"line":1,"column":0},"end":{"line":1,"column":19}}},"fnMap":{},"branchMap":{},"s":{"0":1},"f":{},"b":{},"_coverageSchema":"1a1c01bbd47fc00a2c39e90264f33305004495a9","hash":"fbd74f5f970dce7f37d562c753b41359f52326a2"}
,"/Users/ismael/Documents/personal/frontend-challenge/unbabel-test/src/components/AddCardData.vue": {"path":"/Users/ismael/Documents/personal/frontend-challenge/unbabel-test/src/components/AddCardData.vue","statementMap":{"0":{"start":{"line":1,"column":0},"end":{"line":1,"column":null}}},"fnMap":{"0":{"name":"(anonymous_0)","decl":{"start":{"line":1,"column":0},"end":{"line":1,"column":null}},"loc":{"start":{"line":1,"column":0},"end":{"line":1,"column":null}}}},"branchMap":{},"s":{"0":9},"f":{"0":2},"b":{}}
,"/Users/ismael/Documents/personal/frontend-challenge/unbabel-test/src/components/CardData.vue": {"path":"/Users/ismael/Documents/personal/frontend-challenge/unbabel-test/src/components/CardData.vue","statementMap":{"0":{"start":{"line":1,"column":0},"end":{"line":1,"column":null}}},"fnMap":{"0":{"name":"(anonymous_0)","decl":{"start":{"line":1,"column":0},"end":{"line":1,"column":null}},"loc":{"start":{"line":1,"column":0},"end":{"line":1,"column":null}}}},"branchMap":{},"s":{"0":12},"f":{"0":3},"b":{}}
,"/Users/ismael/Documents/personal/frontend-challenge/unbabel-test/src/components/CustomButton.vue": {"path":"/Users/ismael/Documents/personal/frontend-challenge/unbabel-test/src/components/CustomButton.vue","statementMap":{"0":{"start":{"line":6,"column":0},"end":{"line":19,"column":null}},"1":{"start":{"line":1,"column":0},"end":{"line":1,"column":null}}},"fnMap":{"0":{"name":"(anonymous_1)","decl":{"start":{"line":1,"column":0},"end":{"line":1,"column":null}},"loc":{"start":{"line":1,"column":0},"end":{"line":1,"column":null}}}},"branchMap":{},"s":{"0":3,"1":31},"f":{"0":8},"b":{}}
,"/Users/ismael/Documents/personal/frontend-challenge/unbabel-test/src/components/CustomCheckbox.vue": {"path":"/Users/ismael/Documents/personal/frontend-challenge/unbabel-test/src/components/CustomCheckbox.vue","statementMap":{"0":{"start":{"line":1,"column":0},"end":{"line":1,"column":null}}},"fnMap":{"0":{"name":"(anonymous_0)","decl":{"start":{"line":1,"column":0},"end":{"line":1,"column":null}},"loc":{"start":{"line":1,"column":0},"end":{"line":1,"column":null}}}},"branchMap":{},"s":{"0":12},"f":{"0":3},"b":{}}
,"/Users/ismael/Documents/personal/frontend-challenge/unbabel-test/src/components/NavigationHeader.vue": {"path":"/Users/ismael/Documents/personal/frontend-challenge/unbabel-test/src/components/NavigationHeader.vue","statementMap":{"0":{"start":{"line":1,"column":0},"end":{"line":1,"column":null}}},"fnMap":{"0":{"name":"(anonymous_0)","decl":{"start":{"line":1,"column":0},"end":{"line":1,"column":null}},"loc":{"start":{"line":1,"column":0},"end":{"line":1,"column":null}}}},"branchMap":{},"s":{"0":6},"f":{"0":1},"b":{}}
,"/Users/ismael/Documents/personal/frontend-challenge/unbabel-test/src/store/index.js": {"path":"/Users/ismael/Documents/personal/frontend-challenge/unbabel-test/src/store/index.js","statementMap":{"0":{"start":{"line":5,"column":0},"end":{"line":5,"column":14}},"1":{"start":{"line":8,"column":2},"end":{"line":10,"column":4}},"2":{"start":{"line":13,"column":25},"end":{"line":53,"column":1}},"3":{"start":{"line":15,"column":4},"end":{"line":15,"column":26}},"4":{"start":{"line":18,"column":4},"end":{"line":31,"column":5}},"5":{"start":{"line":19,"column":6},"end":{"line":23,"column":9}},"6":{"start":{"line":25,"column":20},"end":{"line":25,"column":68}},"7":{"start":{"line":26,"column":6},"end":{"line":30,"column":9}},"8":{"start":{"line":34,"column":18},"end":{"line":34,"column":74}},"9":{"start":{"line":34,"column":56},"end":{"line":34,"column":73}},"10":{"start":{"line":35,"column":4},"end":{"line":35,"column":36}},"11":{"start":{"line":38,"column":26},"end":{"line":38,"column":32}},"12":{"start":{"line":39,"column":20},"end":{"line":39,"column":44}},"13":{"start":{"line":40,"column":26},"end":{"line":42,"column":5}},"14":{"start":{"line":41,"column":19},"end":{"line":41,"column":49}},"15":{"start":{"line":43,"column":4},"end":{"line":43,"column":48}},"16":{"start":{"line":46,"column":26},"end":{"line":46,"column":32}},"17":{"start":{"line":47,"column":20},"end":{"line":47,"column":43}},"18":{"start":{"line":48,"column":26},"end":{"line":50,"column":5}},"19":{"start":{"line":49,"column":19},"end":{"line":49,"column":49}},"20":{"start":{"line":51,"column":4},"end":{"line":51,"column":47}},"21":{"start":{"line":55,"column":23},"end":{"line":70,"column":1}},"22":{"start":{"line":57,"column":17},"end":{"line":57,"column":36}},"23":{"start":{"line":58,"column":4},"end":{"line":58,"column":32}},"24":{"start":{"line":61,"column":19},"end":{"line":61,"column":55}},"25":{"start":{"line":62,"column":4},"end":{"line":68,"column":5}},"26":{"start":{"line":63,"column":6},"end":{"line":63,"column":46}},"27":{"start":{"line":65,"column":6},"end":{"line":67,"column":8}}},"fnMap":{"0":{"name":"state","decl":{"start":{"line":7,"column":16},"end":{"line":7,"column":21}},"loc":{"start":{"line":7,"column":24},"end":{"line":11,"column":1}},"line":7},"1":{"name":"(anonymous_1)","decl":{"start":{"line":14,"column":2},"end":{"line":14,"column":3}},"loc":{"start":{"line":14,"column":33},"end":{"line":16,"column":3}},"line":14},"2":{"name":"(anonymous_2)","decl":{"start":{"line":17,"column":2},"end":{"line":17,"column":3}},"loc":{"start":{"line":17,"column":20},"end":{"line":32,"column":3}},"line":17},"3":{"name":"(anonymous_3)","decl":{"start":{"line":33,"column":2},"end":{"line":33,"column":3}},"loc":{"start":{"line":33,"column":27},"end":{"line":36,"column":3}},"line":33},"4":{"name":"(anonymous_4)","decl":{"start":{"line":34,"column":43},"end":{"line":34,"column":44}},"loc":{"start":{"line":34,"column":56},"end":{"line":34,"column":73}},"line":34},"5":{"name":"(anonymous_5)","decl":{"start":{"line":37,"column":2},"end":{"line":37,"column":3}},"loc":{"start":{"line":37,"column":36},"end":{"line":44,"column":3}},"line":37},"6":{"name":"(anonymous_6)","decl":{"start":{"line":41,"column":6},"end":{"line":41,"column":7}},"loc":{"start":{"line":41,"column":19},"end":{"line":41,"column":49}},"line":41},"7":{"name":"(anonymous_7)","decl":{"start":{"line":45,"column":2},"end":{"line":45,"column":3}},"loc":{"start":{"line":45,"column":35},"end":{"line":52,"column":3}},"line":45},"8":{"name":"(anonymous_8)","decl":{"start":{"line":49,"column":6},"end":{"line":49,"column":7}},"loc":{"start":{"line":49,"column":19},"end":{"line":49,"column":49}},"line":49},"9":{"name":"(anonymous_9)","decl":{"start":{"line":56,"column":2},"end":{"line":56,"column":3}},"loc":{"start":{"line":56,"column":32},"end":{"line":59,"column":3}},"line":56},"10":{"name":"(anonymous_10)","decl":{"start":{"line":60,"column":2},"end":{"line":60,"column":3}},"loc":{"start":{"line":60,"column":34},"end":{"line":69,"column":3}},"line":60}},"branchMap":{"0":{"loc":{"start":{"line":18,"column":4},"end":{"line":31,"column":5}},"type":"if","locations":[{"start":{"line":18,"column":4},"end":{"line":31,"column":5}},{"start":{"line":24,"column":11},"end":{"line":31,"column":5}}],"line":18},"1":{"loc":{"start":{"line":62,"column":4},"end":{"line":68,"column":5}},"type":"if","locations":[{"start":{"line":62,"column":4},"end":{"line":68,"column":5}},{"start":{"line":64,"column":11},"end":{"line":68,"column":5}}],"line":62}},"s":{"0":4,"1":4,"2":4,"3":1,"4":2,"5":2,"6":0,"7":0,"8":2,"9":1,"10":2,"11":1,"12":1,"13":1,"14":1,"15":1,"16":1,"17":1,"18":1,"19":1,"20":1,"21":4,"22":0,"23":0,"24":0,"25":0,"26":0,"27":0},"f":{"0":4,"1":1,"2":2,"3":2,"4":1,"5":1,"6":1,"7":1,"8":1,"9":0,"10":0},"b":{"0":[2,0],"1":[0,0]},"_coverageSchema":"1a1c01bbd47fc00a2c39e90264f33305004495a9","hash":"942e0d30820ab9d3db1c310598e484a136a8425b"}
}
