TN:
SF:src/api/mocky.js
FN:3,getMessages
FN:16,uploadMessages
FNF:2
FNH:0
FNDA:0,getMessages
FNDA:0,uploadMessages
DA:1,4
DA:4,0
DA:5,0
DA:6,0
DA:7,0
DA:9,0
DA:12,0
DA:17,0
DA:18,0
DA:22,0
DA:24,0
DA:27,0
LF:12
LH:1
BRF:0
BRH:0
end_of_record
TN:
SF:src/assets/delete.svg
FNF:0
FNH:0
DA:1,2
LF:1
LH:1
BRF:0
BRH:0
end_of_record
TN:
SF:src/assets/fetch-document.svg
FNF:0
FNH:0
DA:1,1
LF:1
LH:1
BRF:0
BRH:0
end_of_record
TN:
SF:src/assets/upload.svg
FNF:0
FNH:0
DA:1,1
LF:1
LH:1
BRF:0
BRH:0
end_of_record
TN:
SF:src/components/AddCardData.vue
FN:1,(anonymous_0)
FNF:1
FNH:1
FNDA:2,(anonymous_0)
DA:1,9
LF:1
LH:1
BRF:0
BRH:0
end_of_record
TN:
SF:src/components/CardData.vue
FN:1,(anonymous_0)
FNF:1
FNH:1
FNDA:3,(anonymous_0)
DA:1,12
LF:1
LH:1
BRF:0
BRH:0
end_of_record
TN:
SF:src/components/CustomButton.vue
FN:1,(anonymous_1)
FNF:1
FNH:1
FNDA:8,(anonymous_1)
DA:1,31
DA:6,3
LF:2
LH:2
BRF:0
BRH:0
end_of_record
TN:
SF:src/components/CustomCheckbox.vue
FN:1,(anonymous_0)
FNF:1
FNH:1
FNDA:3,(anonymous_0)
DA:1,12
LF:1
LH:1
BRF:0
BRH:0
end_of_record
TN:
SF:src/components/NavigationHeader.vue
FN:1,(anonymous_0)
FNF:1
FNH:1
FNDA:1,(anonymous_0)
DA:1,6
LF:1
LH:1
BRF:0
BRH:0
end_of_record
TN:
SF:src/store/index.js
FN:7,state
FN:14,(anonymous_1)
FN:17,(anonymous_2)
FN:33,(anonymous_3)
FN:34,(anonymous_4)
FN:37,(anonymous_5)
FN:41,(anonymous_6)
FN:45,(anonymous_7)
FN:49,(anonymous_8)
FN:56,(anonymous_9)
FN:60,(anonymous_10)
FNF:11
FNH:9
FNDA:4,state
FNDA:1,(anonymous_1)
FNDA:2,(anonymous_2)
FNDA:2,(anonymous_3)
FNDA:1,(anonymous_4)
FNDA:1,(anonymous_5)
FNDA:1,(anonymous_6)
FNDA:1,(anonymous_7)
FNDA:1,(anonymous_8)
FNDA:0,(anonymous_9)
FNDA:0,(anonymous_10)
DA:5,4
DA:8,4
DA:13,4
DA:15,1
DA:18,2
DA:19,2
DA:25,0
DA:26,0
DA:34,2
DA:35,2
DA:38,1
DA:39,1
DA:40,1
DA:41,1
DA:43,1
DA:46,1
DA:47,1
DA:48,1
DA:49,1
DA:51,1
DA:55,4
DA:57,0
DA:58,0
DA:61,0
DA:62,0
DA:63,0
DA:65,0
LF:27
LH:19
BRDA:18,0,0,2
BRDA:18,0,1,0
BRDA:62,1,0,0
BRDA:62,1,1,0
BRF:4
BRH:1
end_of_record
