{"total": {"lines":{"total":154,"covered":73,"skipped":0,"pct":47.4},"statements":{"total":174,"covered":87,"skipped":0,"pct":50},"functions":{"total":58,"covered":13,"skipped":0,"pct":22.41},"branches":{"total":44,"covered":12,"skipped":0,"pct":27.27},"branchesTrue":{"total":0,"covered":0,"skipped":0,"pct":100}}
,"/Users/guimaand/projects/frontend-challenge/transcriptions/src/components/before-all.ts": {"lines":{"total":2,"covered":2,"skipped":0,"pct":100},"functions":{"total":1,"covered":1,"skipped":0,"pct":100},"statements":{"total":3,"covered":3,"skipped":0,"pct":100},"branches":{"total":0,"covered":0,"skipped":0,"pct":100}}
,"/Users/guimaand/projects/frontend-challenge/transcriptions/src/components/transcriptions/TranscriptionCard.vue": {"lines":{"total":25,"covered":8,"skipped":0,"pct":32},"functions":{"total":6,"covered":2,"skipped":0,"pct":33.33},"statements":{"total":27,"covered":10,"skipped":0,"pct":37.03},"branches":{"total":12,"covered":2,"skipped":0,"pct":16.66}}
,"/Users/guimaand/projects/frontend-challenge/transcriptions/src/components/transcriptions/TranscriptionsAdd.vue": {"lines":{"total":9,"covered":4,"skipped":0,"pct":44.44},"functions":{"total":3,"covered":1,"skipped":0,"pct":33.33},"statements":{"total":10,"covered":5,"skipped":0,"pct":50},"branches":{"total":3,"covered":0,"skipped":0,"pct":0}}
,"/Users/guimaand/projects/frontend-challenge/transcriptions/src/components/transcriptions/TranscriptionsGrid.vue": {"lines":{"total":14,"covered":12,"skipped":0,"pct":85.71},"functions":{"total":3,"covered":2,"skipped":0,"pct":66.66},"statements":{"total":16,"covered":14,"skipped":0,"pct":87.5},"branches":{"total":6,"covered":3,"skipped":0,"pct":50}}
,"/Users/guimaand/projects/frontend-challenge/transcriptions/src/components/transcriptions/TranscriptionsToolbar.vue": {"lines":{"total":12,"covered":4,"skipped":0,"pct":33.33},"functions":{"total":4,"covered":1,"skipped":0,"pct":25},"statements":{"total":13,"covered":5,"skipped":0,"pct":38.46},"branches":{"total":0,"covered":0,"skipped":0,"pct":100}}
,"/Users/guimaand/projects/frontend-challenge/transcriptions/src/mixins/TranscriptionsBaseComponent.ts": {"lines":{"total":11,"covered":8,"skipped":0,"pct":72.72},"functions":{"total":5,"covered":2,"skipped":0,"pct":40},"statements":{"total":15,"covered":12,"skipped":0,"pct":80},"branches":{"total":9,"covered":3,"skipped":0,"pct":33.33}}
,"/Users/guimaand/projects/frontend-challenge/transcriptions/src/services/index.ts": {"lines":{"total":14,"covered":5,"skipped":0,"pct":35.71},"functions":{"total":9,"covered":0,"skipped":0,"pct":0},"statements":{"total":17,"covered":5,"skipped":0,"pct":29.41},"branches":{"total":6,"covered":0,"skipped":0,"pct":0}}
,"/Users/guimaand/projects/frontend-challenge/transcriptions/src/store/index.ts": {"lines":{"total":5,"covered":5,"skipped":0,"pct":100},"functions":{"total":1,"covered":1,"skipped":0,"pct":100},"statements":{"total":5,"covered":5,"skipped":0,"pct":100},"branches":{"total":0,"covered":0,"skipped":0,"pct":100}}
,"/Users/guimaand/projects/frontend-challenge/transcriptions/src/store/transcriptions.ts": {"lines":{"total":58,"covered":21,"skipped":0,"pct":36.2},"functions":{"total":25,"covered":2,"skipped":0,"pct":8},"statements":{"total":61,"covered":21,"skipped":0,"pct":34.42},"branches":{"total":8,"covered":4,"skipped":0,"pct":50}}
,"/Users/guimaand/projects/frontend-challenge/transcriptions/src/views/TranscriptionsView.vue": {"lines":{"total":4,"covered":4,"skipped":0,"pct":100},"functions":{"total":1,"covered":1,"skipped":0,"pct":100},"statements":{"total":7,"covered":7,"skipped":0,"pct":100},"branches":{"total":0,"covered":0,"skipped":0,"pct":100}}
}
