TN:
SF:src/components/before-all.ts
FN:2,(anonymous_0)
FNF:1
FNH:1
FNDA:5,(anonymous_0)
DA:2,5
DA:4,5
LF:2
LH:2
BRF:0
BRH:0
end_of_record
TN:
SF:src/components/transcriptions/TranscriptionCard.vue
FN:80,(anonymous_0)
FN:83,(anonymous_2)
FN:87,(anonymous_3)
FN:94,(anonymous_4)
FN:108,(anonymous_5)
FN:113,(anonymous_6)
FNF:6
FNH:2
FNDA:4,(anonymous_0)
FNDA:1,(anonymous_2)
FNDA:0,(anonymous_3)
FNDA:0,(anonymous_4)
FNDA:0,(anonymous_5)
FNDA:0,(anonymous_6)
DA:68,3
DA:70,3
DA:71,3
DA:73,3
DA:80,6
DA:81,1
DA:84,1
DA:88,0
DA:89,0
DA:90,0
DA:91,0
DA:95,0
DA:96,0
DA:97,0
DA:98,0
DA:99,0
DA:100,0
DA:108,0
DA:109,0
DA:110,0
DA:111,0
DA:112,0
DA:113,0
DA:114,0
DA:117,3
LF:25
LH:8
BRDA:80,0,0,1
BRDA:80,0,1,1
BRDA:80,0,2,0
BRDA:89,1,0,0
BRDA:89,1,1,0
BRDA:96,2,0,0
BRDA:96,2,1,0
BRDA:98,3,0,0
BRDA:98,3,1,0
BRDA:99,4,0,0
BRDA:110,5,0,0
BRDA:110,5,1,0
BRF:12
BRH:2
end_of_record
TN:
SF:src/components/transcriptions/TranscriptionsAdd.vue
FN:26,(anonymous_0)
FN:29,(anonymous_2)
FN:33,(anonymous_3)
FNF:3
FNH:1
FNDA:3,(anonymous_0)
FNDA:0,(anonymous_2)
FNDA:0,(anonymous_3)
DA:23,3
DA:24,3
DA:26,3
DA:27,0
DA:30,0
DA:34,0
DA:35,0
DA:36,0
DA:38,3
LF:9
LH:4
BRDA:26,0,0,0
BRDA:26,0,1,0
BRDA:26,0,2,0
BRF:3
BRH:0
end_of_record
TN:
SF:src/components/transcriptions/TranscriptionsGrid.vue
FN:29,(anonymous_0)
FN:31,(anonymous_2)
FN:38,(anonymous_3)
FNF:3
FNH:2
FNDA:3,(anonymous_0)
FNDA:1,(anonymous_2)
FNDA:0,(anonymous_3)
DA:17,2
DA:18,2
DA:19,2
DA:21,2
DA:22,2
DA:24,2
DA:29,4
DA:30,1
DA:31,1
DA:32,1
DA:38,1
DA:39,0
DA:43,0
DA:47,2
LF:14
LH:12
BRDA:29,0,0,1
BRDA:29,0,1,1
BRDA:29,0,2,1
BRDA:39,1,0,0
BRDA:40,2,0,0
BRDA:40,2,1,0
BRF:6
BRH:3
end_of_record
TN:
SF:src/components/transcriptions/TranscriptionsToolbar.vue
FN:43,(anonymous_0)
FN:44,(anonymous_2)
FN:49,(anonymous_3)
FN:55,(anonymous_4)
FNF:4
FNH:1
FNDA:2,(anonymous_0)
FNDA:0,(anonymous_2)
FNDA:0,(anonymous_3)
FNDA:0,(anonymous_4)
DA:40,2
DA:41,2
DA:43,2
DA:45,0
DA:46,0
DA:50,0
DA:51,0
DA:52,0
DA:56,0
DA:57,0
DA:58,0
DA:60,2
LF:12
LH:4
BRF:0
BRH:0
end_of_record
TN:
SF:src/mixins/TranscriptionsBaseComponent.ts
FN:6,(anonymous_0)
FN:10,(anonymous_2)
FN:14,(anonymous_3)
FN:23,(anonymous_4)
FN:24,(anonymous_5)
FNF:5
FNH:2
FNDA:6,(anonymous_0)
FNDA:0,(anonymous_2)
FNDA:0,(anonymous_3)
FNDA:1,(anonymous_4)
FNDA:0,(anonymous_5)
DA:2,5
DA:3,5
DA:6,5
DA:7,1
DA:8,1
DA:11,0
DA:16,0
DA:23,1
DA:24,1
DA:25,0
DA:33,5
LF:11
LH:8
BRDA:6,0,0,1
BRDA:6,0,1,1
BRDA:6,0,2,1
BRDA:18,1,0,0
BRDA:18,1,1,0
BRDA:26,2,0,0
BRDA:26,2,1,0
BRDA:26,2,2,0
BRDA:26,2,3,0
BRF:9
BRH:3
end_of_record
TN:
SF:src/services/index.ts
FN:23,(anonymous_0)
FN:28,(anonymous_3)
FN:28,(anonymous_4)
FN:29,(anonymous_6)
FN:32,(anonymous_7)
FN:32,(anonymous_8)
FN:39,(anonymous_10)
FN:39,(anonymous_11)
FN:42,(anonymous_13)
FNF:9
FNH:0
FNDA:0,(anonymous_0)
FNDA:0,(anonymous_3)
FNDA:0,(anonymous_4)
FNDA:0,(anonymous_6)
FNDA:0,(anonymous_7)
FNDA:0,(anonymous_8)
FNDA:0,(anonymous_10)
FNDA:0,(anonymous_11)
FNDA:0,(anonymous_13)
DA:8,5
DA:11,5
DA:13,5
DA:20,5
DA:22,5
DA:23,0
DA:24,0
DA:28,0
DA:29,0
DA:32,0
DA:33,0
DA:39,0
DA:40,0
DA:42,0
LF:14
LH:5
BRDA:24,0,0,0
BRDA:24,0,1,0
BRDA:33,1,0,0
BRDA:33,1,1,0
BRDA:40,2,0,0
BRDA:40,2,1,0
BRF:6
BRH:0
end_of_record
TN:
SF:src/store/index.ts
FN:22,useStore
FNF:1
FNH:1
FNDA:3,useStore
DA:1,5
DA:2,5
DA:4,5
DA:22,5
DA:23,3
LF:5
LH:5
BRF:0
BRH:0
end_of_record
TN:
SF:src/store/transcriptions.ts
FN:16,(anonymous_0)
FN:24,(anonymous_1)
FN:64,(anonymous_2)
FN:66,(anonymous_5)
FN:70,(anonymous_6)
FN:72,(anonymous_9)
FN:76,(anonymous_10)
FN:83,(anonymous_13)
FN:87,(anonymous_14)
FN:91,(anonymous_15)
FN:101,(anonymous_18)
FN:105,(anonymous_19)
FN:112,(anonymous_20)
FN:115,(anonymous_21)
FN:126,(anonymous_22)
FN:136,(anonymous_23)
FN:139,(anonymous_24)
FN:150,(anonymous_25)
FN:160,(anonymous_26)
FN:166,(anonymous_27)
FN:175,(anonymous_28)
FN:184,(anonymous_29)
FN:191,(anonymous_30)
FN:197,(anonymous_31)
FN:202,(anonymous_32)
FNF:25
FNH:2
FNDA:5,(anonymous_0)
FNDA:5,(anonymous_1)
FNDA:0,(anonymous_2)
FNDA:0,(anonymous_5)
FNDA:0,(anonymous_6)
FNDA:0,(anonymous_9)
FNDA:0,(anonymous_10)
FNDA:0,(anonymous_13)
FNDA:0,(anonymous_14)
FNDA:0,(anonymous_15)
FNDA:0,(anonymous_18)
FNDA:0,(anonymous_19)
FNDA:0,(anonymous_20)
FNDA:0,(anonymous_21)
FNDA:0,(anonymous_22)
FNDA:0,(anonymous_23)
FNDA:0,(anonymous_24)
FNDA:0,(anonymous_25)
FNDA:0,(anonymous_26)
FNDA:0,(anonymous_27)
FNDA:0,(anonymous_28)
FNDA:0,(anonymous_29)
FNDA:0,(anonymous_30)
FNDA:0,(anonymous_31)
FNDA:0,(anonymous_32)
DA:4,5
DA:6,5
DA:16,5
DA:17,5
DA:18,5
DA:19,5
DA:20,5
DA:24,5
DA:25,5
DA:26,5
DA:27,5
DA:28,5
DA:29,5
DA:30,5
DA:31,5
DA:32,5
DA:33,5
DA:34,5
DA:35,5
DA:63,5
DA:64,0
DA:65,0
DA:66,0
DA:67,0
DA:70,0
DA:71,0
DA:72,0
DA:73,0
DA:77,0
DA:81,0
DA:84,0
DA:85,0
DA:88,0
DA:92,0
DA:93,0
DA:98,0
DA:99,0
DA:102,0
DA:103,0
DA:106,0
DA:111,5
DA:113,0
DA:119,0
DA:130,0
DA:137,0
DA:143,0
DA:154,0
DA:161,0
DA:167,0
DA:168,0
DA:179,0
DA:188,0
DA:191,0
DA:201,0
DA:202,0
DA:203,0
DA:204,0
DA:205,0
LF:58
LH:21
BRDA:16,0,0,5
BRDA:16,0,1,5
BRDA:24,1,0,5
BRDA:24,1,1,5
BRDA:81,2,0,0
BRDA:81,2,1,0
BRDA:99,3,0,0
BRDA:203,4,0,0
BRF:8
BRH:4
end_of_record
TN:
SF:src/views/TranscriptionsView.vue
FN:13,(anonymous_0)
FNF:1
FNH:1
FNDA:2,(anonymous_0)
DA:7,1
DA:8,1
DA:9,1
DA:13,2
LF:4
LH:4
BRF:0
BRH:0
end_of_record
