{"C:\\Users\\joaor\\OneDrive\\Desktop\\frontend-challenge\\src\\router.ts": {"path":"C:\\Users\\joaor\\OneDrive\\Desktop\\frontend-challenge\\src\\router.ts","statementMap":{"0":{"start":{"line":1,"column":0},"end":{"line":null,"column":-1}},"1":{"start":{"line":2,"column":0},"end":{"line":null,"column":-1}},"2":{"start":{"line":3,"column":0},"end":{"line":null,"column":-1}},"3":{"start":{"line":4,"column":0},"end":{"line":null,"column":-1}},"4":{"start":{"line":6,"column":0},"end":{"line":null,"column":-1}}},"fnMap":{},"branchMap":{},"s":{"0":0,"1":0,"2":0,"3":0,"4":0},"f":{},"b":{}}
,"C:\\Users\\joaor\\OneDrive\\Desktop\\frontend-challenge\\src\\components\\Inplace-editor-component\\Inplace-editor-component.vue": {"path":"C:\\Users\\joaor\\OneDrive\\Desktop\\frontend-challenge\\src\\components\\Inplace-editor-component\\Inplace-editor-component.vue","statementMap":{"0":{"start":{"line":55,"column":0},"end":{"line":null,"column":-1}},"1":{"start":{"line":56,"column":0},"end":{"line":null,"column":-1}},"2":{"start":{"line":57,"column":0},"end":{"line":null,"column":-1}},"3":{"start":{"line":59,"column":0},"end":{"line":null,"column":-1}},"4":{"start":{"line":61,"column":0},"end":{"line":null,"column":-1}},"5":{"start":{"line":64,"column":0},"end":{"line":null,"column":-1}},"6":{"start":{"line":66,"column":0},"end":{"line":null,"column":-1}},"7":{"start":{"line":69,"column":0},"end":{"line":71,"column":0}},"8":{"start":{"line":70,"column":0},"end":{"line":null,"column":-1}},"9":{"start":{"line":80,"column":0},"end":{"line":null,"column":-1}},"10":{"start":{"line":81,"column":0},"end":{"line":null,"column":-1}},"11":{"start":{"line":82,"column":0},"end":{"line":null,"column":-1}},"12":{"start":{"line":93,"column":0},"end":{"line":null,"column":-1}},"13":{"start":{"line":94,"column":0},"end":{"line":null,"column":-1}},"14":{"start":{"line":98,"column":0},"end":{"line":null,"column":-1}},"15":{"start":{"line":99,"column":0},"end":{"line":null,"column":-1}},"16":{"start":{"line":103,"column":0},"end":{"line":null,"column":-1}},"17":{"start":{"line":109,"column":0},"end":{"line":111,"column":0}},"18":{"start":{"line":110,"column":0},"end":{"line":null,"column":-1}},"19":{"start":{"line":113,"column":0},"end":{"line":115,"column":0}},"20":{"start":{"line":114,"column":0},"end":{"line":null,"column":-1}},"21":{"start":{"line":117,"column":0},"end":{"line":null,"column":-1}},"22":{"start":{"line":84,"column":0},"end":{"line":null,"column":-1}},"23":{"start":{"line":90,"column":0},"end":{"line":null,"column":-1}},"24":{"start":{"line":80,"column":0},"end":{"line":75,"column":0}}},"fnMap":{"0":{"name":"(anonymous_1)","decl":{"start":{"line":69,"column":0},"end":{"line":null,"column":-1}},"loc":{"start":{"line":69,"column":0},"end":{"line":71,"column":0}}},"1":{"name":"(anonymous_2)","decl":{"start":{"line":75,"column":0},"end":{"line":null,"column":-1}},"loc":{"start":{"line":75,"column":0},"end":{"line":119,"column":0}}},"2":{"name":"(anonymous_3)","decl":{"start":{"line":92,"column":0},"end":{"line":null,"column":-1}},"loc":{"start":{"line":92,"column":0},"end":{"line":95,"column":0}}},"3":{"name":"(anonymous_4)","decl":{"start":{"line":97,"column":0},"end":{"line":null,"column":-1}},"loc":{"start":{"line":97,"column":0},"end":{"line":100,"column":0}}},"4":{"name":"(anonymous_5)","decl":{"start":{"line":102,"column":0},"end":{"line":null,"column":-1}},"loc":{"start":{"line":102,"column":0},"end":{"line":118,"column":0}}}},"branchMap":{"0":{"loc":{"start":{"line":109,"column":0},"end":{"line":111,"column":0}},"type":"if","locations":[{"start":{"line":109,"column":0},"end":{"line":111,"column":0}},{"start":{"line":109,"column":0},"end":{"line":111,"column":0}}]},"1":{"loc":{"start":{"line":109,"column":0},"end":{"line":null,"column":-1}},"type":"binary-expr","locations":[{"start":{"line":109,"column":0},"end":{"line":null,"column":-1}},{"start":{"line":109,"column":0},"end":{"line":null,"column":-1}}]},"2":{"loc":{"start":{"line":113,"column":0},"end":{"line":115,"column":0}},"type":"if","locations":[{"start":{"line":113,"column":0},"end":{"line":115,"column":0}},{"start":{"line":113,"column":0},"end":{"line":115,"column":0}}]},"3":{"loc":{"start":{"line":113,"column":0},"end":{"line":null,"column":-1}},"type":"binary-expr","locations":[{"start":{"line":113,"column":0},"end":{"line":null,"column":-1}},{"start":{"line":113,"column":0},"end":{"line":null,"column":-1}}]}},"s":{"0":2,"1":2,"2":2,"3":2,"4":2,"5":2,"6":4,"7":0,"8":0,"9":2,"10":8,"11":8,"12":3,"13":3,"14":3,"15":3,"16":2,"17":2,"18":1,"19":2,"20":1,"21":2,"22":2,"23":2,"24":2},"f":{"0":0,"1":8,"2":3,"3":3,"4":2},"b":{"0":[1,1],"1":[2,1],"2":[1,1],"3":[2,1]}}
,"C:\\Users\\joaor\\OneDrive\\Desktop\\frontend-challenge\\src\\components\\Navigation-component\\Navigation-component.vue": {"path":"C:\\Users\\joaor\\OneDrive\\Desktop\\frontend-challenge\\src\\components\\Navigation-component\\Navigation-component.vue","statementMap":{"0":{"start":{"line":1,"column":1},"end":{"line":66,"column":4}},"1":{"start":{"line":4,"column":29},"end":{"line":4,"column":156}},"2":{"start":{"line":6,"column":30},"end":{"line":6,"column":158}},"3":{"start":{"line":8,"column":0},"end":{"line":10,"column":3}},"4":{"start":{"line":11,"column":0},"end":{"line":11,"column":25}},"5":{"start":{"line":13,"column":14},"end":{"line":13,"column":55}},"6":{"start":{"line":15,"column":28},"end":{"line":15,"column":61}},"7":{"start":{"line":17,"column":17},"end":{"line":17,"column":38}},"8":{"start":{"line":19,"column":0},"end":{"line":19,"column":27}},"9":{"start":{"line":21,"column":0},"end":{"line":21,"column":35}},"10":{"start":{"line":23,"column":18},"end":{"line":23,"column":64}},"11":{"start":{"line":25,"column":18},"end":{"line":25,"column":33}},"12":{"start":{"line":26,"column":26},"end":{"line":46,"column":1}},"13":{"start":{"line":28,"column":4},"end":{"line":28,"column":24}},"14":{"start":{"line":29,"column":4},"end":{"line":29,"column":27}},"15":{"start":{"line":30,"column":4},"end":{"line":30,"column":29}},"16":{"start":{"line":34,"column":30},"end":{"line":34,"column":161}},"17":{"start":{"line":35,"column":4},"end":{"line":35,"column":29}},"18":{"start":{"line":39,"column":4},"end":{"line":39,"column":29}},"19":{"start":{"line":43,"column":4},"end":{"line":43,"column":54}},"20":{"start":{"line":48,"column":0},"end":{"line":48,"column":117}},"21":{"start":{"line":50,"column":0},"end":{"line":52,"column":65}},"22":{"start":{"line":54,"column":0},"end":{"line":56,"column":68}},"23":{"start":{"line":58,"column":0},"end":{"line":62,"column":26}},"24":{"start":{"line":63,"column":15},"end":{"line":63,"column":34}},"25":{"start":{"line":65,"column":0},"end":{"line":65,"column":27}},"26":{"start":{"line":67,"column":20},"end":{"line":67,"column":89}},"27":{"start":{"line":67,"column":114},"end":{"line":67,"column":187}},"28":{"start":{"line":68,"column":0},"end":{"line":68,"column":1105}},"29":{"start":{"line":68,"column":54},"end":{"line":68,"column":58}},"30":{"start":{"line":68,"column":66},"end":{"line":68,"column":84}},"31":{"start":{"line":68,"column":92},"end":{"line":68,"column":108}},"32":{"start":{"line":68,"column":109},"end":{"line":68,"column":1104}},"33":{"start":{"line":68,"column":637},"end":{"line":68,"column":660}},"34":{"start":{"line":68,"column":969},"end":{"line":68,"column":989}},"35":{"start":{"line":69,"column":0},"end":{"line":69,"column":37}}},"fnMap":{"0":{"name":"(anonymous_0)","decl":{"start":{"line":1,"column":2},"end":{"line":1,"column":3}},"loc":{"start":{"line":1,"column":12},"end":{"line":66,"column":1}},"line":1},"1":{"name":"(anonymous_1)","decl":{"start":{"line":27,"column":2},"end":{"line":27,"column":3}},"loc":{"start":{"line":27,"column":16},"end":{"line":31,"column":3}},"line":27},"2":{"name":"(anonymous_2)","decl":{"start":{"line":33,"column":2},"end":{"line":33,"column":3}},"loc":{"start":{"line":33,"column":26},"end":{"line":36,"column":3}},"line":33},"3":{"name":"(anonymous_3)","decl":{"start":{"line":38,"column":2},"end":{"line":38,"column":3}},"loc":{"start":{"line":38,"column":12},"end":{"line":40,"column":3}},"line":38},"4":{"name":"(anonymous_4)","decl":{"start":{"line":42,"column":2},"end":{"line":42,"column":3}},"loc":{"start":{"line":42,"column":15},"end":{"line":44,"column":3}},"line":42},"5":{"name":"render","decl":{"start":{"line":68,"column":35},"end":{"line":68,"column":41}},"loc":{"start":{"line":68,"column":45},"end":{"line":68,"column":1105}},"line":68},"6":{"name":"(anonymous_6)","decl":{"start":{"line":68,"column":620},"end":{"line":68,"column":621}},"loc":{"start":{"line":68,"column":636},"end":{"line":68,"column":661}},"line":68},"7":{"name":"(anonymous_7)","decl":{"start":{"line":68,"column":952},"end":{"line":68,"column":953}},"loc":{"start":{"line":68,"column":968},"end":{"line":68,"column":990}},"line":68}},"branchMap":{"0":{"loc":{"start":{"line":34,"column":30},"end":{"line":34,"column":161}},"type":"cond-expr","locations":[{"start":{"line":34,"column":120},"end":{"line":34,"column":156}},{"start":{"line":34,"column":159},"end":{"line":34,"column":161}}],"line":34},"1":{"loc":{"start":{"line":34,"column":30},"end":{"line":34,"column":117}},"type":"binary-expr","locations":[{"start":{"line":34,"column":30},"end":{"line":34,"column":66}},{"start":{"line":34,"column":70},"end":{"line":34,"column":117}}],"line":34},"2":{"loc":{"start":{"line":67,"column":20},"end":{"line":67,"column":89}},"type":"cond-expr","locations":[{"start":{"line":67,"column":50},"end":{"line":67,"column":72}},{"start":{"line":67,"column":75},"end":{"line":67,"column":89}}],"line":67},"3":{"loc":{"start":{"line":67,"column":114},"end":{"line":67,"column":187}},"type":"cond-expr","locations":[{"start":{"line":67,"column":151},"end":{"line":67,"column":172}},{"start":{"line":67,"column":174},"end":{"line":67,"column":187}}],"line":67},"4":{"loc":{"start":{"line":68,"column":92},"end":{"line":68,"column":108}},"type":"binary-expr","locations":[{"start":{"line":68,"column":92},"end":{"line":68,"column":104}},{"start":{"line":68,"column":106},"end":{"line":68,"column":108}}],"line":68}},"s":{"0":1,"1":1,"2":1,"3":1,"4":1,"5":1,"6":1,"7":1,"8":1,"9":1,"10":1,"11":1,"12":1,"13":2,"14":2,"15":2,"16":1,"17":1,"18":1,"19":1,"20":1,"21":1,"22":1,"23":1,"24":1,"25":1,"26":1,"27":1,"28":1,"29":2,"30":2,"31":2,"32":2,"33":1,"34":1,"35":1},"f":{"0":1,"1":2,"2":1,"3":1,"4":1,"5":2,"6":1,"7":1},"b":{"0":[0,1],"1":[1,1],"2":[1,0],"3":[1,0],"4":[2,0]},"_coverageSchema":"332fd63041d2c1bcb487cc26dd0d5f7d97098a6c","hash":"84c329da5cc5002339547b456ee4a4c19afca05a"}
,"C:\\Users\\joaor\\OneDrive\\Desktop\\frontend-challenge\\src\\components\\add-row-component\\add-row-component.vue": {"path":"C:\\Users\\joaor\\OneDrive\\Desktop\\frontend-challenge\\src\\components\\add-row-component\\add-row-component.vue","statementMap":{"0":{"start":{"line":10,"column":0},"end":{"line":null,"column":-1}},"1":{"start":{"line":11,"column":0},"end":{"line":null,"column":-1}},"2":{"start":{"line":12,"column":0},"end":{"line":null,"column":-1}},"3":{"start":{"line":14,"column":0},"end":{"line":null,"column":-1}},"4":{"start":{"line":16,"column":0},"end":{"line":null,"column":-1}},"5":{"start":{"line":23,"column":0},"end":{"line":null,"column":-1}},"6":{"start":{"line":24,"column":0},"end":{"line":null,"column":-1}},"7":{"start":{"line":23,"column":0},"end":{"line":18,"column":0}}},"fnMap":{},"branchMap":{},"s":{"0":1,"1":1,"2":1,"3":1,"4":1,"5":1,"6":1,"7":1},"f":{},"b":{}}
,"C:\\Users\\joaor\\OneDrive\\Desktop\\frontend-challenge\\src\\components\\default-layout-component\\default-layout-component.vue": {"path":"C:\\Users\\joaor\\OneDrive\\Desktop\\frontend-challenge\\src\\components\\default-layout-component\\default-layout-component.vue","statementMap":{"0":{"start":{"line":18,"column":0},"end":{"line":null,"column":-1}},"1":{"start":{"line":22,"column":0},"end":{"line":null,"column":-1}},"2":{"start":{"line":23,"column":0},"end":{"line":null,"column":-1}}},"fnMap":{},"branchMap":{},"s":{"0":1,"1":2,"2":1},"f":{},"b":{}}
,"C:\\Users\\joaor\\OneDrive\\Desktop\\frontend-challenge\\src\\components\\items-list-component\\items-list-component.vue": {"path":"C:\\Users\\joaor\\OneDrive\\Desktop\\frontend-challenge\\src\\components\\items-list-component\\items-list-component.vue","statementMap":{"0":{"start":{"line":48,"column":0},"end":{"line":null,"column":-1}},"1":{"start":{"line":49,"column":0},"end":{"line":null,"column":-1}},"2":{"start":{"line":50,"column":0},"end":{"line":null,"column":-1}},"3":{"start":{"line":51,"column":0},"end":{"line":null,"column":-1}},"4":{"start":{"line":52,"column":0},"end":{"line":null,"column":-1}},"5":{"start":{"line":53,"column":0},"end":{"line":null,"column":-1}},"6":{"start":{"line":56,"column":0},"end":{"line":null,"column":-1}},"7":{"start":{"line":64,"column":0},"end":{"line":null,"column":-1}},"8":{"start":{"line":68,"column":0},"end":{"line":null,"column":-1}},"9":{"start":{"line":71,"column":0},"end":{"line":null,"column":-1}},"10":{"start":{"line":65,"column":0},"end":{"line":null,"column":-1}},"11":{"start":{"line":67,"column":0},"end":{"line":66,"column":0}},"12":{"start":{"line":64,"column":0},"end":{"line":58,"column":0}}},"fnMap":{"0":{"name":"(anonymous_1)","decl":{"start":{"line":58,"column":0},"end":{"line":null,"column":-1}},"loc":{"start":{"line":58,"column":0},"end":{"line":73,"column":0}}},"1":{"name":"(anonymous_2)","decl":{"start":{"line":70,"column":0},"end":{"line":null,"column":-1}},"loc":{"start":{"line":70,"column":0},"end":{"line":72,"column":0}}}},"branchMap":{},"s":{"0":1,"1":1,"2":1,"3":1,"4":1,"5":1,"6":1,"7":1,"8":4,"9":1,"10":1,"11":1,"12":1},"f":{"0":4,"1":1},"b":{}}
,"C:\\Users\\joaor\\OneDrive\\Desktop\\frontend-challenge\\src\\components\\toast-component\\toast-component.vue": {"path":"C:\\Users\\joaor\\OneDrive\\Desktop\\frontend-challenge\\src\\components\\toast-component\\toast-component.vue","statementMap":{"0":{"start":{"line":26,"column":0},"end":{"line":null,"column":-1}},"1":{"start":{"line":27,"column":0},"end":{"line":null,"column":-1}},"2":{"start":{"line":30,"column":0},"end":{"line":null,"column":-1}},"3":{"start":{"line":33,"column":0},"end":{"line":null,"column":-1}},"4":{"start":{"line":38,"column":0},"end":{"line":null,"column":-1}},"5":{"start":{"line":41,"column":0},"end":{"line":null,"column":-1}},"6":{"start":{"line":34,"column":0},"end":{"line":null,"column":-1}},"7":{"start":{"line":35,"column":0},"end":{"line":null,"column":-1}},"8":{"start":{"line":36,"column":0},"end":{"line":null,"column":-1}}},"fnMap":{"0":{"name":"(anonymous_1)","decl":{"start":{"line":32,"column":0},"end":{"line":null,"column":-1}},"loc":{"start":{"line":32,"column":0},"end":{"line":43,"column":0}}},"1":{"name":"(anonymous_2)","decl":{"start":{"line":40,"column":0},"end":{"line":null,"column":-1}},"loc":{"start":{"line":40,"column":0},"end":{"line":42,"column":0}}}},"branchMap":{},"s":{"0":1,"1":1,"2":1,"3":2,"4":4,"5":1,"6":1,"7":1,"8":1},"f":{"0":4,"1":1},"b":{}}
,"C:\\Users\\joaor\\OneDrive\\Desktop\\frontend-challenge\\src\\store\\store.ts": {"path":"C:\\Users\\joaor\\OneDrive\\Desktop\\frontend-challenge\\src\\store\\store.ts","statementMap":{"0":{"start":{"line":1,"column":0},"end":{"line":null,"column":-1}},"1":{"start":{"line":2,"column":0},"end":{"line":null,"column":-1}},"2":{"start":{"line":4,"column":0},"end":{"line":null,"column":-1}},"3":{"start":{"line":6,"column":0},"end":{"line":null,"column":-1}},"4":{"start":{"line":8,"column":40},"end":{"line":8,"column":0}}},"fnMap":{},"branchMap":{},"s":{"0":0,"1":0,"2":0,"3":0,"4":0},"f":{},"b":{}}
,"C:\\Users\\joaor\\OneDrive\\Desktop\\frontend-challenge\\src\\store\\actions\\transcription-actions.ts": {"path":"C:\\Users\\joaor\\OneDrive\\Desktop\\frontend-challenge\\src\\store\\actions\\transcription-actions.ts","statementMap":{"0":{"start":{"line":2,"column":0},"end":{"line":null,"column":-1}},"1":{"start":{"line":5,"column":0},"end":{"line":null,"column":-1}},"2":{"start":{"line":7,"column":68},"end":{"line":7,"column":7}},"3":{"start":{"line":9,"column":4},"end":{"line":null,"column":-1}},"4":{"start":{"line":11,"column":42},"end":{"line":11,"column":8}},"5":{"start":{"line":12,"column":8},"end":{"line":null,"column":-1}},"6":{"start":{"line":15,"column":8},"end":{"line":null,"column":-1}},"7":{"start":{"line":21,"column":4},"end":{"line":null,"column":-1}},"8":{"start":{"line":25,"column":4},"end":{"line":null,"column":-1}},"9":{"start":{"line":29,"column":4},"end":{"line":null,"column":-1}},"10":{"start":{"line":33,"column":4},"end":{"line":42,"column":5}},"11":{"start":{"line":38,"column":6},"end":{"line":null,"column":-1}},"12":{"start":{"line":44,"column":4},"end":{"line":null,"column":-1}},"13":{"start":{"line":50,"column":22},"end":{"line":44,"column":4}},"14":{"start":{"line":52,"column":10},"end":{"line":null,"column":-1}},"15":{"start":{"line":61,"column":4},"end":{"line":null,"column":-1}}},"fnMap":{"0":{"name":"(anonymous_0)","decl":{"start":{"line":10,"column":7},"end":{"line":10,"column":5}},"loc":{"start":{"line":10,"column":19},"end":{"line":9,"column":4}}},"1":{"name":"(anonymous_1)","decl":{"start":{"line":14,"column":7},"end":{"line":14,"column":5}},"loc":{"start":{"line":14,"column":16},"end":{"line":9,"column":4}}},"2":{"name":"(anonymous_2)","decl":{"start":{"line":50,"column":9},"end":{"line":50,"column":7}},"loc":{"start":{"line":50,"column":22},"end":{"line":44,"column":4}}},"3":{"name":"(anonymous_3)","decl":{"start":{"line":51,"column":9},"end":{"line":51,"column":7}},"loc":{"start":{"line":51,"column":18},"end":{"line":44,"column":4}}}},"branchMap":{"0":{"loc":{"start":{"line":11,"column":42},"end":{"line":11,"column":50}},"type":"binary-expr","locations":[{"start":{"line":11,"column":42},"end":{"line":11,"column":50}},{"start":{"line":11,"column":54},"end":{"line":11,"column":8}}]},"1":{"loc":{"start":{"line":33,"column":4},"end":{"line":42,"column":5}},"type":"if","locations":[{"start":{"line":33,"column":4},"end":{"line":42,"column":5}},{"start":{"line":33,"column":4},"end":{"line":42,"column":5}}]},"2":{"loc":{"start":{"line":34,"column":6},"end":{"line":34,"column":5}},"type":"binary-expr","locations":[{"start":{"line":34,"column":6},"end":{"line":34,"column":5}},{"start":{"line":35,"column":6},"end":{"line":34,"column":6}},{"start":{"line":36,"column":6},"end":{"line":33,"column":4}}]}},"s":{"0":1,"1":1,"2":1,"3":1,"4":0,"5":0,"6":0,"7":1,"8":2,"9":0,"10":1,"11":0,"12":1,"13":0,"14":0,"15":1},"f":{"0":0,"1":0,"2":0,"3":0},"b":{"0":[0,0],"1":[0,1],"2":[1,1,1]}}
,"C:\\Users\\joaor\\OneDrive\\Desktop\\frontend-challenge\\src\\store\\modules\\transcriptions.ts": {"path":"C:\\Users\\joaor\\OneDrive\\Desktop\\frontend-challenge\\src\\store\\modules\\transcriptions.ts","statementMap":{"0":{"start":{"line":2,"column":0},"end":{"line":null,"column":-1}},"1":{"start":{"line":3,"column":0},"end":{"line":null,"column":-1}},"2":{"start":{"line":6,"column":42},"end":{"line":6,"column":7}},"3":{"start":{"line":11,"column":28},"end":{"line":11,"column":0}},"4":{"start":{"line":13,"column":70},"end":{"line":13,"column":7}}},"fnMap":{},"branchMap":{},"s":{"0":0,"1":0,"2":0,"3":0,"4":0},"f":{},"b":{}}
,"C:\\Users\\joaor\\OneDrive\\Desktop\\frontend-challenge\\src\\store\\mutations\\transcription-mutations.ts": {"path":"C:\\Users\\joaor\\OneDrive\\Desktop\\frontend-challenge\\src\\store\\mutations\\transcription-mutations.ts","statementMap":{"0":{"start":{"line":3,"column":0},"end":{"line":null,"column":-1}},"1":{"start":{"line":8,"column":60},"end":{"line":8,"column":7}},"2":{"start":{"line":10,"column":4},"end":{"line":14,"column":5}},"3":{"start":{"line":11,"column":6},"end":{"line":null,"column":-1}},"4":{"start":{"line":13,"column":6},"end":{"line":null,"column":-1}},"5":{"start":{"line":19,"column":6},"end":{"line":18,"column":4}},"6":{"start":{"line":21,"column":4},"end":{"line":null,"column":-1}},"7":{"start":{"line":23,"column":4},"end":{"line":null,"column":-1}},"8":{"start":{"line":24,"column":6},"end":{"line":null,"column":-1}},"9":{"start":{"line":29,"column":45},"end":{"line":29,"column":4}},"10":{"start":{"line":35,"column":4},"end":{"line":41,"column":5}},"11":{"start":{"line":36,"column":6},"end":{"line":null,"column":-1}},"12":{"start":{"line":38,"column":27},"end":{"line":38,"column":6}},"13":{"start":{"line":40,"column":6},"end":{"line":null,"column":-1}},"14":{"start":{"line":48,"column":4},"end":{"line":52,"column":5}},"15":{"start":{"line":49,"column":27},"end":{"line":49,"column":6}},"16":{"start":{"line":51,"column":6},"end":{"line":null,"column":-1}},"17":{"start":{"line":54,"column":4},"end":{"line":58,"column":5}},"18":{"start":{"line":55,"column":27},"end":{"line":55,"column":6}},"19":{"start":{"line":57,"column":6},"end":{"line":null,"column":-1}},"20":{"start":{"line":60,"column":18},"end":{"line":60,"column":4}},"21":{"start":{"line":61,"column":41},"end":{"line":60,"column":18}},"22":{"start":{"line":64,"column":4},"end":{"line":null,"column":-1}},"23":{"start":{"line":69,"column":34},"end":{"line":69,"column":4}},"24":{"start":{"line":70,"column":32},"end":{"line":69,"column":34}},"25":{"start":{"line":75,"column":4},"end":{"line":85,"column":5}},"26":{"start":{"line":76,"column":20},"end":{"line":76,"column":6}},"27":{"start":{"line":78,"column":6},"end":{"line":84,"column":7}},"28":{"start":{"line":79,"column":8},"end":{"line":null,"column":-1}},"29":{"start":{"line":81,"column":8},"end":{"line":null,"column":-1}},"30":{"start":{"line":83,"column":8},"end":{"line":null,"column":-1}},"31":{"start":{"line":87,"column":4},"end":{"line":null,"column":-1}},"32":{"start":{"line":89,"column":4},"end":{"line":null,"column":-1}},"33":{"start":{"line":93,"column":4},"end":{"line":96,"column":5}},"34":{"start":{"line":94,"column":6},"end":{"line":null,"column":-1}},"35":{"start":{"line":98,"column":4},"end":{"line":null,"column":-1}},"36":{"start":{"line":102,"column":4},"end":{"line":null,"column":-1}},"37":{"start":{"line":108,"column":2},"end":{"line":null,"column":-1}},"38":{"start":{"line":110,"column":2},"end":{"line":null,"column":-1}},"39":{"start":{"line":111,"column":4},"end":{"line":null,"column":-1}}},"fnMap":{"0":{"name":"(anonymous_0)","decl":{"start":{"line":23,"column":15},"end":{"line":23,"column":19}},"loc":{"start":{"line":23,"column":20},"end":{"line":23,"column":14}}},"1":{"name":"(anonymous_1)","decl":{"start":{"line":61,"column":7},"end":{"line":61,"column":5}},"loc":{"start":{"line":61,"column":41},"end":{"line":60,"column":18}}},"2":{"name":"(anonymous_2)","decl":{"start":{"line":70,"column":7},"end":{"line":70,"column":5}},"loc":{"start":{"line":70,"column":32},"end":{"line":69,"column":34}}},"3":{"name":"setError","decl":{"start":{"line":107,"column":16},"end":{"line":107,"column":6}},"loc":{"start":{"line":107,"column":68},"end":{"line":113,"column":1}}},"4":{"name":"(anonymous_4)","decl":{"start":{"line":110,"column":13},"end":{"line":110,"column":17}},"loc":{"start":{"line":110,"column":18},"end":{"line":110,"column":12}}}},"branchMap":{"0":{"loc":{"start":{"line":10,"column":4},"end":{"line":14,"column":5}},"type":"if","locations":[{"start":{"line":10,"column":4},"end":{"line":14,"column":5}},{"start":{"line":10,"column":4},"end":{"line":14,"column":5}}]},"1":{"loc":{"start":{"line":10,"column":8},"end":{"line":10,"column":7}},"type":"binary-expr","locations":[{"start":{"line":10,"column":8},"end":{"line":10,"column":7}},{"start":{"line":10,"column":35},"end":{"line":10,"column":4}}]},"2":{"loc":{"start":{"line":13,"column":32},"end":{"line":13,"column":39}},"type":"binary-expr","locations":[{"start":{"line":13,"column":32},"end":{"line":13,"column":39}},{"start":{"line":13,"column":43},"end":{"line":13,"column":6}}]},"3":{"loc":{"start":{"line":35,"column":4},"end":{"line":41,"column":5}},"type":"if","locations":[{"start":{"line":35,"column":4},"end":{"line":41,"column":5}},{"start":{"line":35,"column":4},"end":{"line":41,"column":5}}]},"4":{"loc":{"start":{"line":48,"column":4},"end":{"line":52,"column":5}},"type":"if","locations":[{"start":{"line":48,"column":4},"end":{"line":52,"column":5}},{"start":{"line":48,"column":4},"end":{"line":52,"column":5}}]},"5":{"loc":{"start":{"line":54,"column":4},"end":{"line":58,"column":5}},"type":"if","locations":[{"start":{"line":54,"column":4},"end":{"line":58,"column":5}},{"start":{"line":54,"column":4},"end":{"line":58,"column":5}}]},"6":{"loc":{"start":{"line":75,"column":4},"end":{"line":85,"column":5}},"type":"if","locations":[{"start":{"line":75,"column":4},"end":{"line":85,"column":5}},{"start":{"line":75,"column":4},"end":{"line":85,"column":5}}]},"7":{"loc":{"start":{"line":78,"column":6},"end":{"line":84,"column":7}},"type":"if","locations":[{"start":{"line":78,"column":6},"end":{"line":84,"column":7}},{"start":{"line":78,"column":6},"end":{"line":84,"column":7}}]},"8":{"loc":{"start":{"line":93,"column":4},"end":{"line":96,"column":5}},"type":"if","locations":[{"start":{"line":93,"column":4},"end":{"line":96,"column":5}},{"start":{"line":93,"column":4},"end":{"line":96,"column":5}}]}},"s":{"0":1,"1":1,"2":2,"3":0,"4":2,"5":1,"6":1,"7":1,"8":0,"9":2,"10":2,"11":1,"12":1,"13":1,"14":4,"15":1,"16":1,"17":3,"18":1,"19":1,"20":3,"21":3,"22":3,"23":2,"24":1,"25":2,"26":1,"27":1,"28":1,"29":0,"30":0,"31":1,"32":1,"33":2,"34":1,"35":2,"36":1,"37":7,"38":7,"39":0},"f":{"0":0,"1":3,"2":1,"3":7,"4":0},"b":{"0":[0,2],"1":[2,2],"2":[2,0],"3":[1,1],"4":[1,3],"5":[1,2],"6":[1,1],"7":[1,0],"8":[1,1]}}
,"C:\\Users\\joaor\\OneDrive\\Desktop\\frontend-challenge\\src\\utils\\array-utils\\array-utils.ts": {"path":"C:\\Users\\joaor\\OneDrive\\Desktop\\frontend-challenge\\src\\utils\\array-utils\\array-utils.ts","statementMap":{"0":{"start":{"line":16,"column":2},"end":{"line":null,"column":-1}},"1":{"start":{"line":18,"column":6},"end":{"line":null,"column":-1}},"2":{"start":{"line":19,"column":6},"end":{"line":null,"column":-1}},"3":{"start":{"line":32,"column":2},"end":{"line":null,"column":-1}},"4":{"start":{"line":33,"column":4},"end":{"line":32,"column":9}},"5":{"start":{"line":33,"column":39},"end":{"line":33,"column":4}}},"fnMap":{"0":{"name":"mergeArrays","decl":{"start":{"line":12,"column":16},"end":{"line":12,"column":6}},"loc":{"start":{"line":14,"column":33},"end":{"line":22,"column":1}}},"1":{"name":"(anonymous_1)","decl":{"start":{"line":17,"column":47},"end":{"line":17,"column":48}},"loc":{"start":{"line":17,"column":66},"end":{"line":17,"column":4}}},"2":{"name":"listHasInvalidFields","decl":{"start":{"line":31,"column":16},"end":{"line":31,"column":6}},"loc":{"start":{"line":31,"column":60},"end":{"line":37,"column":1}}},"3":{"name":"(anonymous_3)","decl":{"start":{"line":32,"column":23},"end":{"line":32,"column":21}},"loc":{"start":{"line":33,"column":4},"end":{"line":32,"column":9}}},"4":{"name":"(anonymous_4)","decl":{"start":{"line":33,"column":33},"end":{"line":33,"column":32}},"loc":{"start":{"line":33,"column":39},"end":{"line":33,"column":4}}}},"branchMap":{"0":{"loc":{"start":{"line":35,"column":6},"end":{"line":32,"column":9}},"type":"cond-expr","locations":[{"start":{"line":35,"column":6},"end":{"line":32,"column":9}},{"start":{"line":36,"column":6},"end":{"line":32,"column":2}}]},"1":{"loc":{"start":{"line":33,"column":39},"end":{"line":33,"column":38}},"type":"binary-expr","locations":[{"start":{"line":33,"column":39},"end":{"line":33,"column":38}},{"start":{"line":33,"column":53},"end":{"line":33,"column":4}}]}},"s":{"0":1,"1":7,"2":7,"3":5,"4":10,"5":29},"f":{"0":1,"1":7,"2":5,"3":10,"4":29},"b":{"0":[2,3],"1":[29,29]}}
,"C:\\Users\\joaor\\OneDrive\\Desktop\\frontend-challenge\\src\\views\\Transcription-List.vue": {"path":"C:\\Users\\joaor\\OneDrive\\Desktop\\frontend-challenge\\src\\views\\Transcription-List.vue","statementMap":{"0":{"start":{"line":13,"column":0},"end":{"line":null,"column":-1}},"1":{"start":{"line":14,"column":0},"end":{"line":null,"column":-1}},"2":{"start":{"line":15,"column":0},"end":{"line":null,"column":-1}},"3":{"start":{"line":16,"column":0},"end":{"line":null,"column":-1}},"4":{"start":{"line":17,"column":0},"end":{"line":null,"column":-1}},"5":{"start":{"line":18,"column":0},"end":{"line":null,"column":-1}},"6":{"start":{"line":30,"column":0},"end":{"line":null,"column":-1}},"7":{"start":{"line":34,"column":0},"end":{"line":null,"column":-1}},"8":{"start":{"line":40,"column":0},"end":{"line":null,"column":-1}},"9":{"start":{"line":44,"column":0},"end":{"line":null,"column":-1}},"10":{"start":{"line":49,"column":0},"end":{"line":null,"column":-1}},"11":{"start":{"line":31,"column":0},"end":{"line":null,"column":-1}},"12":{"start":{"line":30,"column":0},"end":{"line":22,"column":0}}},"fnMap":{"0":{"name":"(anonymous_1)","decl":{"start":{"line":33,"column":0},"end":{"line":null,"column":-1}},"loc":{"start":{"line":33,"column":0},"end":{"line":41,"column":0}}},"1":{"name":"(anonymous_2)","decl":{"start":{"line":43,"column":0},"end":{"line":null,"column":-1}},"loc":{"start":{"line":43,"column":0},"end":{"line":50,"column":0}}}},"branchMap":{"0":{"loc":{"start":{"line":34,"column":0},"end":{"line":null,"column":-1}},"type":"cond-expr","locations":[{"start":{"line":34,"column":0},"end":{"line":null,"column":-1}},{"start":{"line":34,"column":0},"end":{"line":null,"column":-1}}]},"1":{"loc":{"start":{"line":44,"column":0},"end":{"line":null,"column":-1}},"type":"cond-expr","locations":[{"start":{"line":44,"column":0},"end":{"line":null,"column":-1}},{"start":{"line":44,"column":0},"end":{"line":null,"column":-1}}]}},"s":{"0":0,"1":0,"2":0,"3":0,"4":0,"5":0,"6":0,"7":0,"8":0,"9":0,"10":0,"11":0,"12":0},"f":{"0":0,"1":0},"b":{"0":[0,0],"1":[0,0]}}
}
