{"D:\\04 - Cenas Pessoais\\04 - Repositórios\\frontend-challenge\\src\\components\\Button\\Button.vue": {"path":"D:\\04 - Cenas Pessoais\\04 - Repositórios\\frontend-challenge\\src\\components\\Button\\Button.vue","statementMap":{"0":{"start":{"line":1,"column":0},"end":{"line":1,"column":null}}},"fnMap":{"0":{"name":"(anonymous_0)","decl":{"start":{"line":1,"column":0},"end":{"line":1,"column":null}},"loc":{"start":{"line":1,"column":0},"end":{"line":1,"column":null}}}},"branchMap":{"0":{"loc":{"start":{"line":1,"column":0},"end":{"line":1,"column":null}},"type":"cond-expr","locations":[{"start":{"line":1,"column":0},"end":{"line":1,"column":null}},{"start":{"line":1,"column":0},"end":{"line":1,"column":null}}]}},"s":{"0":36},"f":{"0":11},"b":{"0":[5,11]}}
,"D:\\04 - Cenas Pessoais\\04 - Repositórios\\frontend-challenge\\src\\components\\Checkbox\\Checkbox.vue": {"path":"D:\\04 - Cenas Pessoais\\04 - Repositórios\\frontend-challenge\\src\\components\\Checkbox\\Checkbox.vue","statementMap":{"0":{"start":{"line":16,"column":0},"end":{"line":30,"column":null}},"1":{"start":{"line":1,"column":0},"end":{"line":1,"column":null}}},"fnMap":{"0":{"name":"(anonymous_0)","decl":{"start":{"line":1,"column":0},"end":{"line":1,"column":null}},"loc":{"start":{"line":1,"column":0},"end":{"line":1,"column":null}}}},"branchMap":{},"s":{"0":3,"1":61},"f":{"0":20},"b":{}}
,"D:\\04 - Cenas Pessoais\\04 - Repositórios\\frontend-challenge\\src\\components\\List\\List.vue": {"path":"D:\\04 - Cenas Pessoais\\04 - Repositórios\\frontend-challenge\\src\\components\\List\\List.vue","statementMap":{"0":{"start":{"line":1,"column":0},"end":{"line":1,"column":null}}},"fnMap":{"0":{"name":"(anonymous_0)","decl":{"start":{"line":1,"column":0},"end":{"line":1,"column":null}},"loc":{"start":{"line":1,"column":0},"end":{"line":1,"column":null}}}},"branchMap":{"0":{"loc":{"start":{"line":1,"column":0},"end":{"line":1,"column":null}},"type":"cond-expr","locations":[{"start":{"line":1,"column":0},"end":{"line":1,"column":null}},{"start":{"line":1,"column":0},"end":{"line":1,"column":null}}]}},"s":{"0":32},"f":{"0":17},"b":{"0":[4,2]}}
,"D:\\04 - Cenas Pessoais\\04 - Repositórios\\frontend-challenge\\src\\components\\ListItem\\ListItem.vue": {"path":"D:\\04 - Cenas Pessoais\\04 - Repositórios\\frontend-challenge\\src\\components\\ListItem\\ListItem.vue","statementMap":{"0":{"start":{"line":1,"column":0},"end":{"line":1,"column":null}}},"fnMap":{"0":{"name":"(anonymous_0)","decl":{"start":{"line":1,"column":0},"end":{"line":1,"column":null}},"loc":{"start":{"line":1,"column":0},"end":{"line":1,"column":null}}}},"branchMap":{"0":{"loc":{"start":{"line":1,"column":0},"end":{"line":1,"column":null}},"type":"cond-expr","locations":[{"start":{"line":1,"column":0},"end":{"line":1,"column":null}},{"start":{"line":1,"column":0},"end":{"line":1,"column":null}}]},"1":{"loc":{"start":{"line":1,"column":0},"end":{"line":1,"column":null}},"type":"if","locations":[{"start":{"line":1,"column":0},"end":{"line":1,"column":null}}]}},"s":{"0":59},"f":{"0":19},"b":{"0":[36,15],"1":[0]}}
,"D:\\04 - Cenas Pessoais\\04 - Repositórios\\frontend-challenge\\src\\components\\TextArea\\TextArea.vue": {"path":"D:\\04 - Cenas Pessoais\\04 - Repositórios\\frontend-challenge\\src\\components\\TextArea\\TextArea.vue","statementMap":{"0":{"start":{"line":11,"column":0},"end":{"line":29,"column":null}},"1":{"start":{"line":1,"column":0},"end":{"line":1,"column":null}}},"fnMap":{"0":{"name":"(anonymous_2)","decl":{"start":{"line":1,"column":0},"end":{"line":1,"column":null}},"loc":{"start":{"line":1,"column":0},"end":{"line":1,"column":null}}}},"branchMap":{"0":{"loc":{"start":{"line":1,"column":0},"end":{"line":1,"column":null}},"type":"if","locations":[{"start":{"line":1,"column":0},"end":{"line":1,"column":null}}]}},"s":{"0":3,"1":30},"f":{"0":9},"b":{"0":[0]}}
,"D:\\04 - Cenas Pessoais\\04 - Repositórios\\frontend-challenge\\src\\components\\TextInput\\TextInput.vue": {"path":"D:\\04 - Cenas Pessoais\\04 - Repositórios\\frontend-challenge\\src\\components\\TextInput\\TextInput.vue","statementMap":{"0":{"start":{"line":9,"column":0},"end":{"line":27,"column":null}},"1":{"start":{"line":1,"column":0},"end":{"line":1,"column":null}}},"fnMap":{"0":{"name":"(anonymous_2)","decl":{"start":{"line":1,"column":0},"end":{"line":1,"column":null}},"loc":{"start":{"line":1,"column":0},"end":{"line":1,"column":null}}}},"branchMap":{"0":{"loc":{"start":{"line":1,"column":0},"end":{"line":1,"column":null}},"type":"if","locations":[{"start":{"line":1,"column":0},"end":{"line":1,"column":null}}]}},"s":{"0":3,"1":30},"f":{"0":9},"b":{"0":[0]}}
,"D:\\04 - Cenas Pessoais\\04 - Repositórios\\frontend-challenge\\src\\components\\Title\\Title.vue": {"path":"D:\\04 - Cenas Pessoais\\04 - Repositórios\\frontend-challenge\\src\\components\\Title\\Title.vue","statementMap":{"0":{"start":{"line":4,"column":0},"end":{"line":21,"column":null}},"1":{"start":{"line":1,"column":0},"end":{"line":1,"column":null}}},"fnMap":{"0":{"name":"(anonymous_1)","decl":{"start":{"line":1,"column":0},"end":{"line":1,"column":null}},"loc":{"start":{"line":1,"column":0},"end":{"line":1,"column":null}}}},"branchMap":{},"s":{"0":4,"1":75},"f":{"0":21},"b":{}}
,"D:\\04 - Cenas Pessoais\\04 - Repositórios\\frontend-challenge\\src\\components\\TopMenu\\TopMenu.vue": {"path":"D:\\04 - Cenas Pessoais\\04 - Repositórios\\frontend-challenge\\src\\components\\TopMenu\\TopMenu.vue","statementMap":{"0":{"start":{"line":1,"column":0},"end":{"line":1,"column":null}}},"fnMap":{"0":{"name":"(anonymous_0)","decl":{"start":{"line":1,"column":0},"end":{"line":1,"column":null}},"loc":{"start":{"line":1,"column":0},"end":{"line":1,"column":null}}}},"branchMap":{},"s":{"0":15},"f":{"0":4},"b":{}}
}
