TN:
SF:src\App.vue
FN:1,(anonymous_0)
FNF:1
FNH:1
FNDA:1,(anonymous_0)
DA:1,6
DA:6,1
LF:2
LH:2
BRF:0
BRH:0
end_of_record
TN:
SF:src\assets\images\add-row.svg
FNF:0
FNH:0
DA:1,2
LF:1
LH:1
BRF:0
BRH:0
end_of_record
TN:
SF:src\assets\images\delete.svg
FNF:0
FNH:0
DA:1,1
LF:1
LH:1
BRF:0
BRH:0
end_of_record
TN:
SF:src\assets\images\fetch-document.svg
FNF:0
FNH:0
DA:1,3
LF:1
LH:1
BRF:0
BRH:0
end_of_record
TN:
SF:src\assets\images\person.svg
FNF:0
FNH:0
DA:1,3
LF:1
LH:1
BRF:0
BRH:0
end_of_record
TN:
SF:src\assets\images\upload.svg
FNF:0
FNH:0
DA:1,3
LF:1
LH:1
BRF:0
BRH:0
end_of_record
TN:
SF:src\components\Button\Button.vue
FN:1,(anonymous_0)
FNF:1
FNH:1
FNDA:26,(anonymous_0)
DA:1,86
LF:1
LH:1
BRDA:1,0,0,18
BRDA:1,0,1,24
BRF:2
BRH:2
end_of_record
TN:
SF:src\components\Checkbox\Checkbox.vue
FN:1,(anonymous_0)
FNF:1
FNH:1
FNDA:20,(anonymous_0)
DA:1,64
DA:16,4
LF:2
LH:2
BRF:0
BRH:0
end_of_record
TN:
SF:src\components\Icon\Icon.vue
FN:1,(anonymous_1)
FNF:1
FNH:1
FNDA:29,(anonymous_1)
DA:1,108
DA:4,7
LF:2
LH:2
BRDA:1,0,0,28
BRDA:1,0,1,1
BRF:2
BRH:2
end_of_record
TN:
SF:src\components\List\List.vue
FN:1,(anonymous_0)
FNF:1
FNH:1
FNDA:18,(anonymous_0)
DA:1,38
LF:1
LH:1
BRDA:1,0,0,4
BRDA:1,0,1,3
BRF:2
BRH:2
end_of_record
TN:
SF:src\components\ListItem\ListItem.vue
FN:1,(anonymous_0)
FNF:1
FNH:1
FNDA:19,(anonymous_0)
DA:1,62
LF:1
LH:1
BRDA:1,0,0,36
BRDA:1,0,1,15
BRDA:1,1,0,0
BRF:3
BRH:2
end_of_record
TN:
SF:src\components\TextArea\TextArea.vue
FN:1,(anonymous_2)
FNF:1
FNH:1
FNDA:9,(anonymous_2)
DA:1,33
DA:11,4
LF:2
LH:2
BRDA:1,0,0,0
BRF:1
BRH:0
end_of_record
TN:
SF:src\components\TextInput\TextInput.vue
FN:1,(anonymous_2)
FNF:1
FNH:1
FNDA:9,(anonymous_2)
DA:1,33
DA:9,4
LF:2
LH:2
BRDA:1,0,0,0
BRF:1
BRH:0
end_of_record
TN:
SF:src\components\Title\Title.vue
FN:1,(anonymous_1)
FNF:1
FNH:1
FNDA:29,(anonymous_1)
DA:1,108
DA:4,7
LF:2
LH:2
BRF:0
BRH:0
end_of_record
TN:
SF:src\components\TopMenu\TopMenu.vue
FN:1,(anonymous_0)
FNF:1
FNH:1
FNDA:10,(anonymous_0)
DA:1,42
LF:1
LH:1
BRF:0
BRH:0
end_of_record
TN:
SF:src\layouts\DefaultLayout\DefaultLayout.vue
FN:1,(anonymous_0)
FNF:1
FNH:1
FNDA:8,(anonymous_0)
DA:1,31
LF:1
LH:1
BRF:0
BRH:0
end_of_record
TN:
SF:src\views\ErrorView\ErrorView.vue
FN:1,(anonymous_0)
FNF:1
FNH:1
FNDA:2,(anonymous_0)
DA:1,9
LF:1
LH:1
BRF:0
BRH:0
end_of_record
TN:
SF:src\views\HomeView\HomeView.vue
FN:1,(anonymous_0)
FNF:1
FNH:1
FNDA:2,(anonymous_0)
DA:1,9
LF:1
LH:1
BRF:0
BRH:0
end_of_record
